Buildfile: /home/navin/eclipse-workspace/geektrust/geektrust_water_management/clover-ant-4.4.1/tutorial/build_quick.xml
     [echo] testbuild.classpath is /home/navin/.ant/lib/clover.jar:/home/navin/eclipse-workspace/geektrust/geektrust_water_management/clover-ant-4.4.1/tutorial/build/main:/home/navin/eclipse-workspace/geektrust/geektrust_water_management/lib/junit-jupiter-engine-5.8.2.jar:/home/navin/eclipse-workspace/geektrust/geektrust_water_management/lib/junit-jupiter-api-5.8.2.jar:/home/navin/eclipse-workspace/geektrust/geektrust_water_management/lib/junit-platform-launcher-1.8.2.jar:/home/navin/eclipse-workspace/geektrust/geektrust_water_management/lib/junit-platform-commons-1.8.2.jar:/home/navin/eclipse-workspace/geektrust/geektrust_water_management/lib/junit-platform-engine-1.8.2.jar:/home/navin/eclipse-workspace/geektrust/geektrust_water_management/clover-ant-4.4.1/tutorial/lib/hamcrest-2.2.jar:/home/navin/eclipse-workspace/geektrust/geektrust_water_management/clover-ant-4.4.1/tutorial/build/test:/home/navin/eclipse-workspace/geektrust/geektrust_water_management/coveragelib/lib/jacocoagent.jar:/home/navin/eclipse-workspace/geektrust/geektrust_water_management/coveragelib/lib/jacocoant.jar:/home/navin/eclipse-workspace/geektrust/geektrust_water_management/coveragelib/lib/jacococli.jar:/home/navin/eclipse-workspace/geektrust/geektrust_water_management/coveragelib/lib/junit-platform-console-standalone-1.8.2.jar:/home/navin/eclipse-workspace/geektrust/geektrust_water_management/coveragelib/lib/org.jacoco.agent-0.8.7.202105040129.jar:/home/navin/eclipse-workspace/geektrust/geektrust_water_management/coveragelib/lib/org.jacoco.ant-0.8.7.202105040129.jar:/home/navin/eclipse-workspace/geektrust/geektrust_water_management/coveragelib/lib/org.jacoco.core-0.8.7.202105040129.jar:/home/navin/eclipse-workspace/geektrust/geektrust_water_management/coveragelib/lib/org.jacoco.examples-0.8.7.jar:/home/navin/eclipse-workspace/geektrust/geektrust_water_management/coveragelib/lib/org.jacoco.report-0.8.7.202105040129.jar:/home/navin/eclipse-workspace/geektrust/geektrust_water_management/clover-ant-4.4.1/tutorial/apache-ant-1.10.12/lib/ant-antlr.jar:/home/navin/eclipse-workspace/geektrust/geektrust_water_management/clover-ant-4.4.1/tutorial/apache-ant-1.10.12/lib/ant-apache-bcel.jar:/home/navin/eclipse-workspace/geektrust/geektrust_water_management/clover-ant-4.4.1/tutorial/apache-ant-1.10.12/lib/ant-apache-bsf.jar:/home/navin/eclipse-workspace/geektrust/geektrust_water_management/clover-ant-4.4.1/tutorial/apache-ant-1.10.12/lib/ant-apache-log4j.jar:/home/navin/eclipse-workspace/geektrust/geektrust_water_management/clover-ant-4.4.1/tutorial/apache-ant-1.10.12/lib/ant-apache-oro.jar:/home/navin/eclipse-workspace/geektrust/geektrust_water_management/clover-ant-4.4.1/tutorial/apache-ant-1.10.12/lib/ant-apache-regexp.jar:/home/navin/eclipse-workspace/geektrust/geektrust_water_management/clover-ant-4.4.1/tutorial/apache-ant-1.10.12/lib/ant-apache-resolver.jar:/home/navin/eclipse-workspace/geektrust/geektrust_water_management/clover-ant-4.4.1/tutorial/apache-ant-1.10.12/lib/ant-apache-xalan2.jar:/home/navin/eclipse-workspace/geektrust/geektrust_water_management/clover-ant-4.4.1/tutorial/apache-ant-1.10.12/lib/ant-commons-logging.jar:/home/navin/eclipse-workspace/geektrust/geektrust_water_management/clover-ant-4.4.1/tutorial/apache-ant-1.10.12/lib/ant-commons-net.jar:/home/navin/eclipse-workspace/geektrust/geektrust_water_management/clover-ant-4.4.1/tutorial/apache-ant-1.10.12/lib/ant-imageio.jar:/home/navin/eclipse-workspace/geektrust/geektrust_water_management/clover-ant-4.4.1/tutorial/apache-ant-1.10.12/lib/ant-jai.jar:/home/navin/eclipse-workspace/geektrust/geektrust_water_management/clover-ant-4.4.1/tutorial/apache-ant-1.10.12/lib/ant-javamail.jar:/home/navin/eclipse-workspace/geektrust/geektrust_water_management/clover-ant-4.4.1/tutorial/apache-ant-1.10.12/lib/ant-jdepend.jar:/home/navin/eclipse-workspace/geektrust/geektrust_water_management/clover-ant-4.4.1/tutorial/apache-ant-1.10.12/lib/ant-jmf.jar:/home/navin/eclipse-workspace/geektrust/geektrust_water_management/clover-ant-4.4.1/tutorial/apache-ant-1.10.12/lib/ant-jsch.jar:/home/navin/eclipse-workspace/geektrust/geektrust_water_management/clover-ant-4.4.1/tutorial/apache-ant-1.10.12/lib/ant-junit.jar:/home/navin/eclipse-workspace/geektrust/geektrust_water_management/clover-ant-4.4.1/tutorial/apache-ant-1.10.12/lib/ant-junit4.jar:/home/navin/eclipse-workspace/geektrust/geektrust_water_management/clover-ant-4.4.1/tutorial/apache-ant-1.10.12/lib/ant-junitlauncher.jar:/home/navin/eclipse-workspace/geektrust/geektrust_water_management/clover-ant-4.4.1/tutorial/apache-ant-1.10.12/lib/ant-launcher.jar:/home/navin/eclipse-workspace/geektrust/geektrust_water_management/clover-ant-4.4.1/tutorial/apache-ant-1.10.12/lib/ant-netrexx.jar:/home/navin/eclipse-workspace/geektrust/geektrust_water_management/clover-ant-4.4.1/tutorial/apache-ant-1.10.12/lib/ant-swing.jar:/home/navin/eclipse-workspace/geektrust/geektrust_water_management/clover-ant-4.4.1/tutorial/apache-ant-1.10.12/lib/ant-testutil.jar:/home/navin/eclipse-workspace/geektrust/geektrust_water_management/clover-ant-4.4.1/tutorial/apache-ant-1.10.12/lib/ant-xz.jar:/home/navin/eclipse-workspace/geektrust/geektrust_water_management/clover-ant-4.4.1/tutorial/apache-ant-1.10.12/lib/ant.jar:/home/navin/eclipse-workspace/geektrust/geektrust_water_management/clover-ant-4.4.1/tutorial/apache-ant-1.10.12/lib/junit-platform-console-standalone-1.8.2.jar:/home/navin/.m2/repository/antlr/antlr/2.7.2/antlr-2.7.2.jar:/home/navin/.m2/repository/antlr/antlr/2.7.7/antlr-2.7.7.jar:/home/navin/.m2/repository/aopalliance/aopalliance/1.0/aopalliance-1.0.jar:/home/navin/.m2/repository/args4j/args4j/2.0.28/args4j-2.0.28-sources.jar:/home/navin/.m2/repository/args4j/args4j/2.0.28/args4j-2.0.28.jar:/home/navin/.m2/repository/asm/asm/3.0/asm-3.0.jar:/home/navin/.m2/repository/asm/asm/3.3.1/asm-3.3.1.jar:/home/navin/.m2/repository/backport-util-concurrent/backport-util-concurrent/3.1/backport-util-concurrent-3.1.jar:/home/navin/.m2/repository/biz/aQute/bnd/biz.aQute.bndlib/3.5.0/biz.aQute.bndlib-3.5.0.jar:/home/navin/.m2/repository/biz/aQute/bndlib/0.0.357/bndlib-0.0.357.jar:/home/navin/.m2/repository/bsh/bsh/1.3.0/bsh-1.3.0.jar:/home/navin/.m2/repository/ch/ethz/ganymed/ganymed-ssh2/build210/ganymed-ssh2-build210.jar:/home/navin/.m2/repository/classworlds/classworlds/1.1-alpha-2/classworlds-1.1-alpha-2.jar:/home/navin/.m2/repository/classworlds/classworlds/1.1/classworlds-1.1.jar:/home/navin/.m2/repository/com/diffplug/durian/durian-collect/1.2.0/durian-collect-1.2.0.jar:/home/navin/.m2/repository/com/diffplug/durian/durian-core/1.2.0/durian-core-1.2.0.jar:/home/navin/.m2/repository/com/diffplug/spotless/spotless-eclipse-base/3.2.1/spotless-eclipse-base-3.2.1.jar:/home/navin/.m2/repository/com/diffplug/spotless/spotless-eclipse-jdt/4.8.0/spotless-eclipse-jdt-4.8.0.jar:/home/navin/.m2/repository/com/diffplug/spotless/spotless-lib-extra/1.24.3/spotless-lib-extra-1.24.3.jar:/home/navin/.m2/repository/com/diffplug/spotless/spotless-lib/1.24.3/spotless-lib-1.24.3.jar:/home/navin/.m2/repository/com/diffplug/spotless/spotless-maven-plugin/1.24.3/spotless-maven-plugin-1.24.3.jar:/home/navin/.m2/repository/com/eed3si9n/shaded-scalajson_2.12/1.0.0-M4/shaded-scalajson_2.12-1.0.0-M4.jar:/home/navin/.m2/repository/com/eed3si9n/sjson-new-core_2.12/0.8.3/sjson-new-core_2.12-0.8.3.jar:/home/navin/.m2/repository/com/eed3si9n/sjson-new-scalajson_2.12/0.8.3/sjson-new-scalajson_2.12-0.8.3.jar:/home/navin/.m2/repository/com/github/genthaler/beanshell-maven-plugin/1.4/beanshell-maven-plugin-1.4.jar:/home/navin/.m2/repository/com/google/code/findbugs/annotations/3.0.0/annotations-3.0.0.jar:/home/navin/.m2/repository/com/google/code/findbugs/jsr305/2.0.1/jsr305-2.0.1.jar:/home/navin/.m2/repository/com/google/code/findbugs/jsr305/3.0.0/jsr305-3.0.0.jar:/home/navin/.m2/repository/com/google/code/google-collections/google-collect/snapshot-20080530/google-collect-snapshot-20080530.jar:/home/navin/.m2/repository/com/google/code/maven-scm-provider-svnjava/maven-scm-provider-svnjava/1.13/maven-scm-provider-svnjava-1.13.jar:/home/navin/.m2/repository/com/google/collections/google-collections/1.0/google-collections-1.0.jar:/home/navin/.m2/repository/com/google/guava/guava/18.0/guava-18.0.jar:/home/navin/.m2/repository/com/google/guava/guava/19.0/guava-19.0.jar:/home/navin/.m2/repository/com/google/guava/guava/21.0/guava-21.0.jar:/home/navin/.m2/repository/com/google/inject/guice/4.0/guice-4.0-no_aop.jar:/home/navin/.m2/repository/com/google/protobuf/protobuf-java/3.7.0/protobuf-java-3.7.0.jar:/home/navin/.m2/repository/com/googlecode/concurrent-trees/concurrent-trees/2.6.1/concurrent-trees-2.6.1.jar:/home/navin/.m2/repository/com/googlecode/javaewah/JavaEWAH/1.1.6/JavaEWAH-1.1.6.jar:/home/navin/.m2/repository/com/ibm/icu/icu4j/58.1/icu4j-58.1.jar:/home/navin/.m2/repository/com/ibm/icu/icu4j/70.1/icu4j-70.1.jar:/home/navin/.m2/repository/com/intellij/annotations/9.0.4/annotations-9.0.4.jar:/home/navin/.m2/repository/com/jcraft/jsch/0.1.55/jsch-0.1.55.jar:/home/navin/.m2/repository/com/jcraft/jzlib/1.1.1/jzlib-1.1.1.jar:/home/navin/.m2/repository/com/lihaoyi/fastparse-utils_2.12/0.4.2/fastparse-utils_2.12-0.4.2.jar:/home/navin/.m2/repository/com/lihaoyi/fastparse_2.12/0.4.2/fastparse_2.12-0.4.2.jar:/home/navin/.m2/repository/com/lihaoyi/sourcecode_2.12/0.1.3/sourcecode_2.12-0.1.3.jar:/home/navin/.m2/repository/com/lmax/disruptor/3.4.2/disruptor-3.4.2.jar:/home/navin/.m2/repository/com/mygeektrust/app/geektrust_water_management/1.0-SNAPSHOT/geektrust_water_management-1.0-SNAPSHOT.jar:/home/navin/.m2/repository/com/openhtmltopdf/openhtmltopdf-core/0.0.1-RC9/openhtmltopdf-core-0.0.1-RC9.jar:/home/navin/.m2/repository/com/openhtmltopdf/openhtmltopdf-jsoup-dom-converter/0.0.1-RC9/openhtmltopdf-jsoup-dom-converter-0.0.1-RC9.jar:/home/navin/.m2/repository/com/openhtmltopdf/openhtmltopdf-pdfbox/0.0.1-RC9/openhtmltopdf-pdfbox-0.0.1-RC9.jar:/home/navin/.m2/repository/com/openhtmltopdf/openhtmltopdf-rtl-support/0.0.1-RC9/openhtmltopdf-rtl-support-0.0.1-RC9.jar:/home/navin/.m2/repository/com/swoval/file-tree-views/2.1.3/file-tree-views-2.1.3.jar:/home/navin/.m2/repository/com/thoughtworks/qdox/qdox/2.0-M5/qdox-2.0-M5.jar:/home/navin/.m2/repository/com/thoughtworks/qdox/qdox/2.0-M7/qdox-2.0-M7.jar:/home/navin/.m2/repository/com/thoughtworks/qdox/qdox/2.0-M8/qdox-2.0-M8.jar:/home/navin/.m2/repository/com/thoughtworks/qdox/qdox/2.0-M9/qdox-2.0-M9.jar:/home/navin/.m2/repository/com/thoughtworks/xstream/xstream/1.4.11.1/xstream-1.4.11.1.jar:/home/navin/.m2/repository/com/trueaccord/lenses/lenses_2.12/0.4.12/lenses_2.12-0.4.12.jar:/home/navin/.m2/repository/com/trueaccord/scalapb/scalapb-runtime_2.12/0.6.0/scalapb-runtime_2.12-0.6.0.jar:/home/navin/.m2/repository/com/vladsch/flexmark/flexmark-all/0.18.4/flexmark-all-0.18.4.jar:/home/navin/.m2/repository/com/vladsch/flexmark/flexmark-ext-abbreviation/0.18.4/flexmark-ext-abbreviation-0.18.4.jar:/home/navin/.m2/repository/com/vladsch/flexmark/flexmark-ext-anchorlink/0.18.4/flexmark-ext-anchorlink-0.18.4.jar:/home/navin/.m2/repository/com/vladsch/flexmark/flexmark-ext-aside/0.18.4/flexmark-ext-aside-0.18.4.jar:/home/navin/.m2/repository/com/vladsch/flexmark/flexmark-ext-autolink/0.18.4/flexmark-ext-autolink-0.18.4.jar:/home/navin/.m2/repository/com/vladsch/flexmark/flexmark-ext-definition/0.18.4/flexmark-ext-definition-0.18.4.jar:/home/navin/.m2/repository/com/vladsch/flexmark/flexmark-ext-emoji/0.18.4/flexmark-ext-emoji-0.18.4.jar:/home/navin/.m2/repository/com/vladsch/flexmark/flexmark-ext-escaped-character/0.18.4/flexmark-ext-escaped-character-0.18.4.jar:/home/navin/.m2/repository/com/vladsch/flexmark/flexmark-ext-footnotes/0.18.4/flexmark-ext-footnotes-0.18.4.jar:/home/navin/.m2/repository/com/vladsch/flexmark/flexmark-ext-gfm-strikethrough/0.18.4/flexmark-ext-gfm-strikethrough-0.18.4.jar:/home/navin/.m2/repository/com/vladsch/flexmark/flexmark-ext-gfm-tables/0.18.4/flexmark-ext-gfm-tables-0.18.4.jar:/home/navin/.m2/repository/com/vladsch/flexmark/flexmark-ext-gfm-tasklist/0.18.4/flexmark-ext-gfm-tasklist-0.18.4.jar:/home/navin/.m2/repository/com/vladsch/flexmark/flexmark-ext-ins/0.18.4/flexmark-ext-ins-0.18.4.jar:/home/navin/.m2/repository/com/vladsch/flexmark/flexmark-ext-jekyll-front-matter/0.18.4/flexmark-ext-jekyll-front-matter-0.18.4.jar:/home/navin/.m2/repository/com/vladsch/flexmark/flexmark-ext-jekyll-tag/0.18.4/flexmark-ext-jekyll-tag-0.18.4.jar:/home/navin/.m2/repository/com/vladsch/flexmark/flexmark-ext-spec-example/0.18.4/flexmark-ext-spec-example-0.18.4.jar:/home/navin/.m2/repository/com/vladsch/flexmark/flexmark-ext-superscript/0.18.4/flexmark-ext-superscript-0.18.4.jar:/home/navin/.m2/repository/com/vladsch/flexmark/flexmark-ext-tables/0.18.4/flexmark-ext-tables-0.18.4.jar:/home/navin/.m2/repository/com/vladsch/flexmark/flexmark-ext-toc/0.18.4/flexmark-ext-toc-0.18.4.jar:/home/navin/.m2/repository/com/vladsch/flexmark/flexmark-ext-typographic/0.18.4/flexmark-ext-typographic-0.18.4.jar:/home/navin/.m2/repository/com/vladsch/flexmark/flexmark-ext-wikilink/0.18.4/flexmark-ext-wikilink-0.18.4.jar:/home/navin/.m2/repository/com/vladsch/flexmark/flexmark-ext-xwiki-macros/0.18.4/flexmark-ext-xwiki-macros-0.18.4.jar:/home/navin/.m2/repository/com/vladsch/flexmark/flexmark-ext-yaml-front-matter/0.18.4/flexmark-ext-yaml-front-matter-0.18.4.jar:/home/navin/.m2/repository/com/vladsch/flexmark/flexmark-formatter/0.18.4/flexmark-formatter-0.18.4.jar:/home/navin/.m2/repository/com/vladsch/flexmark/flexmark-html-parser/0.18.4/flexmark-html-parser-0.18.4.jar:/home/navin/.m2/repository/com/vladsch/flexmark/flexmark-jira-converter/0.18.4/flexmark-jira-converter-0.18.4.jar:/home/navin/.m2/repository/com/vladsch/flexmark/flexmark-pdf-converter/0.18.4/flexmark-pdf-converter-0.18.4.jar:/home/navin/.m2/repository/com/vladsch/flexmark/flexmark-profile-pegdown/0.18.4/flexmark-profile-pegdown-0.18.4.jar:/home/navin/.m2/repository/com/vladsch/flexmark/flexmark-test-util/0.18.4/flexmark-test-util-0.18.4.jar:/home/navin/.m2/repository/com/vladsch/flexmark/flexmark-util/0.18.4/flexmark-util-0.18.4.jar:/home/navin/.m2/repository/com/vladsch/flexmark/flexmark-youtrack-converter/0.18.4/flexmark-youtrack-converter-0.18.4.jar:/home/navin/.m2/repository/com/vladsch/flexmark/flexmark/0.18.4/flexmark-0.18.4.jar:/home/navin/.m2/repository/commons-beanutils/commons-beanutils/1.7.0/commons-beanutils-1.7.0.jar:/home/navin/.m2/repository/commons-beanutils/commons-beanutils/1.9.2/commons-beanutils-1.9.2.jar:/home/navin/.m2/repository/commons-chain/commons-chain/1.1/commons-chain-1.1.jar:/home/navin/.m2/repository/commons-cli/commons-cli/1.0/commons-cli-1.0.jar:/home/navin/.m2/repository/commons-cli/commons-cli/1.2/commons-cli-1.2.jar:/home/navin/.m2/repository/commons-codec/commons-codec/1.11/commons-codec-1.11.jar:/home/navin/.m2/repository/commons-codec/commons-codec/1.2/commons-codec-1.2.jar:/home/navin/.m2/repository/commons-codec/commons-codec/1.3/commons-codec-1.3.jar:/home/navin/.m2/repository/commons-codec/commons-codec/1.6/commons-codec-1.6.jar:/home/navin/.m2/repository/commons-collections/commons-collections/3.1/commons-collections-3.1.jar:/home/navin/.m2/repository/commons-collections/commons-collections/3.2.1/commons-collections-3.2.1.jar:/home/navin/.m2/repository/commons-collections/commons-collections/3.2.2/commons-collections-3.2.2.jar:/home/navin/.m2/repository/commons-collections/commons-collections/3.2/commons-collections-3.2.jar:/home/navin/.m2/repository/commons-digester/commons-digester/1.6/commons-digester-1.6.jar:/home/navin/.m2/repository/commons-digester/commons-digester/1.8.1/commons-digester-1.8.1.jar:/home/navin/.m2/repository/commons-digester/commons-digester/1.8/commons-digester-1.8.jar:/home/navin/.m2/repository/commons-httpclient/commons-httpclient/3.1/commons-httpclient-3.1.jar:/home/navin/.m2/repository/commons-io/commons-io/1.4/commons-io-1.4.jar:/home/navin/.m2/repository/commons-io/commons-io/2.2/commons-io-2.2.jar:/home/navin/.m2/repository/commons-io/commons-io/2.4/commons-io-2.4.jar:/home/navin/.m2/repository/commons-io/commons-io/2.5/commons-io-2.5.jar:/home/navin/.m2/repository/commons-io/commons-io/2.6/commons-io-2.6.jar:/home/navin/.m2/repository/commons-lang/commons-lang/2.1/commons-lang-2.1.jar:/home/navin/.m2/repository/commons-lang/commons-lang/2.4/commons-lang-2.4.jar:/home/navin/.m2/repository/commons-lang/commons-lang/2.6/commons-lang-2.6.jar:/home/navin/.m2/repository/commons-logging/commons-logging-api/1.1/commons-logging-api-1.1.jar:/home/navin/.m2/repository/commons-logging/commons-logging/1.0.4/commons-logging-1.0.4.jar:/home/navin/.m2/repository/commons-logging/commons-logging/1.1/commons-logging-1.1.jar:/home/navin/.m2/repository/commons-logging/commons-logging/1.2/commons-logging-1.2.jar:/home/navin/.m2/repository/commons-validator/commons-validator/1.2.0/commons-validator-1.2.0.jar:/home/navin/.m2/repository/commons-validator/commons-validator/1.3.1/commons-validator-1.3.1.jar:/home/navin/.m2/repository/commons-validator/commons-validator/1.6/commons-validator-1.6.jar:/home/navin/.m2/repository/dom4j/dom4j/1.1/dom4j-1.1.jar:/home/navin/.m2/repository/geektrust_water_management/geektrust_water_management/0.0.1-SNAPSHOT/geektrust_water_management-0.0.1-SNAPSHOT-clover.jar:/home/navin/.m2/repository/geektrust_water_management/geektrust_water_management/0.0.1-SNAPSHOT/geektrust_water_management-0.0.1-SNAPSHOT.jar:/home/navin/.m2/repository/io/takari/m2e/workspace/org.eclipse.m2e.workspace.cli/0.3.1/org.eclipse.m2e.workspace.cli-0.3.1-sources.jar:/home/navin/.m2/repository/javax/annotation/jsr250-api/1.0/jsr250-api-1.0.jar:/home/navin/.m2/repository/javax/enterprise/cdi-api/1.0/cdi-api-1.0.jar:/home/navin/.m2/repository/javax/inject/javax.inject/1/javax.inject-1.jar:/home/navin/.m2/repository/javax/servlet/servlet-api/2.3/servlet-api-2.3.jar:/home/navin/.m2/repository/javax/servlet/servlet-api/2.5/servlet-api-2.5.jar:/home/navin/.m2/repository/jline/jline/2.14.6/jline-2.14.6.jar:/home/navin/.m2/repository/junit/junit/3.8.1/junit-3.8.1.jar:/home/navin/.m2/repository/junit/junit/3.8.2/junit-3.8.2.jar:/home/navin/.m2/repository/junit/junit/4.10/junit-4.10.jar:/home/navin/.m2/repository/junit/junit/4.11/junit-4.11.jar:/home/navin/.m2/repository/junit/junit/4.12/junit-4.12.jar:/home/navin/.m2/repository/junit/junit/4.13.1/junit-4.13.1-sources.jar:/home/navin/.m2/repository/junit/junit/4.13.1/junit-4.13.1.jar:/home/navin/.m2/repository/junit/junit/4.13/junit-4.13.jar:/home/navin/.m2/repository/junit/junit/4.8.2/junit-4.8.2.jar:/home/navin/.m2/repository/log4j/log4j/1.2.12/log4j-1.2.12.jar:/home/navin/.m2/repository/net/alchim31/maven/scala-maven-plugin/4.4.0/scala-maven-plugin-4.4.0.jar:/home/navin/.m2/repository/net/java/dev/jna/jna-platform/4.5.0/jna-platform-4.5.0.jar:/home/navin/.m2/repository/net/java/dev/jna/jna/3.2.2/jna-3.2.2.jar:/home/navin/.m2/repository/net/java/dev/jna/jna/4.5.0/jna-4.5.0.jar:/home/navin/.m2/repository/net/java/dev/jna/jna/5.3.1/jna-5.3.1.jar:/home/navin/.m2/repository/net/sf/jtidy/jtidy/r938/jtidy-r938.jar:/home/navin/.m2/repository/net/sf/kxml/kxml2/2.2.2/kxml2-2.2.2.jar:/home/navin/.m2/repository/org/antlr/antlr-runtime/3.1.3/antlr-runtime-3.1.3.jar:/home/navin/.m2/repository/org/antlr/stringtemplate/3.2/stringtemplate-3.2.jar:/home/navin/.m2/repository/org/apache/ant/ant-antunit/1.4/ant-antunit-1.4-sources.jar:/home/navin/.m2/repository/org/apache/ant/ant-antunit/1.4/ant-antunit-1.4.jar:/home/navin/.m2/repository/org/apache/ant/ant-junit/1.9.15/ant-junit-1.9.15-sources.jar:/home/navin/.m2/repository/org/apache/ant/ant-junit/1.9.15/ant-junit-1.9.15.jar:/home/navin/.m2/repository/org/apache/ant/ant-junit4/1.9.15/ant-junit4-1.9.15-sources.jar:/home/navin/.m2/repository/org/apache/ant/ant-junit4/1.9.15/ant-junit4-1.9.15.jar:/home/navin/.m2/repository/org/apache/ant/ant-launcher/1.10.11/ant-launcher-1.10.11.jar:/home/navin/.m2/repository/org/apache/ant/ant-launcher/1.10.8/ant-launcher-1.10.8.jar:/home/navin/.m2/repository/org/apache/ant/ant-launcher/1.8.1/ant-launcher-1.8.1.jar:/home/navin/.m2/repository/org/apache/ant/ant-launcher/1.9.15/ant-launcher-1.9.15-sources.jar:/home/navin/.m2/repository/org/apache/ant/ant-launcher/1.9.15/ant-launcher-1.9.15.jar:/home/navin/.m2/repository/org/apache/ant/ant-launcher/1.9.4/ant-launcher-1.9.4.jar:/home/navin/.m2/repository/org/apache/ant/ant-nodeps/1.8.1/ant-nodeps-1.8.1.jar:/home/navin/.m2/repository/org/apache/ant/ant/1.10.11/ant-1.10.11.jar:/home/navin/.m2/repository/org/apache/ant/ant/1.10.8/ant-1.10.8.jar:/home/navin/.m2/repository/org/apache/ant/ant/1.8.1/ant-1.8.1.jar:/home/navin/.m2/repository/org/apache/ant/ant/1.9.15/ant-1.9.15-sources.jar:/home/navin/.m2/repository/org/apache/ant/ant/1.9.15/ant-1.9.15.jar:/home/navin/.m2/repository/org/apache/ant/ant/1.9.4/ant-1.9.4.jar:/home/navin/.m2/repository/org/apache/bcel/bcel/6.2/bcel-6.2.jar:/home/navin/.m2/repository/org/apache/commons/commons-compress/1.11/commons-compress-1.11.jar:/home/navin/.m2/repository/org/apache/commons/commons-compress/1.16.1/commons-compress-1.16.1.jar:/home/navin/.m2/repository/org/apache/commons/commons-compress/1.19/commons-compress-1.19.jar:/home/navin/.m2/repository/org/apache/commons/commons-compress/1.20/commons-compress-1.20.jar:/home/navin/.m2/repository/org/apache/commons/commons-compress/1.9/commons-compress-1.9.jar:/home/navin/.m2/repository/org/apache/commons/commons-exec/1.3/commons-exec-1.3.jar:/home/navin/.m2/repository/org/apache/commons/commons-lang3/3.1/commons-lang3-3.1.jar:/home/navin/.m2/repository/org/apache/commons/commons-lang3/3.4/commons-lang3-3.4.jar:/home/navin/.m2/repository/org/apache/commons/commons-lang3/3.5/commons-lang3-3.5.jar:/home/navin/.m2/repository/org/apache/commons/commons-lang3/3.7/commons-lang3-3.7.jar:/home/navin/.m2/repository/org/apache/commons/commons-lang3/3.8.1/commons-lang3-3.8.1.jar:/home/navin/.m2/repository/org/apache/felix/maven-bundle-plugin/2.1.0/maven-bundle-plugin-2.1.0.jar:/home/navin/.m2/repository/org/apache/felix/maven-bundle-plugin/3.5.1/maven-bundle-plugin-3.5.1.jar:/home/navin/.m2/repository/org/apache/felix/org.apache.felix.bundlerepository/1.6.2/org.apache.felix.bundlerepository-1.6.2.jar:/home/navin/.m2/repository/org/apache/felix/org.apache.felix.bundlerepository/1.6.6/org.apache.felix.bundlerepository-1.6.6.jar:/home/navin/.m2/repository/org/apache/felix/org.apache.felix.utils/1.6.0/org.apache.felix.utils-1.6.0.jar:/home/navin/.m2/repository/org/apache/felix/org.osgi.core/1.0.0/org.osgi.core-1.0.0.jar:/home/navin/.m2/repository/org/apache/felix/org.osgi.service.obr/1.0.1/org.osgi.service.obr-1.0.1.jar:/home/navin/.m2/repository/org/apache/httpcomponents/httpclient/4.0.2/httpclient-4.0.2.jar:/home/navin/.m2/repository/org/apache/httpcomponents/httpclient/4.5.2/httpclient-4.5.2.jar:/home/navin/.m2/repository/org/apache/httpcomponents/httpcore/4.0.1/httpcore-4.0.1.jar:/home/navin/.m2/repository/org/apache/httpcomponents/httpcore/4.4.4/httpcore-4.4.4.jar:/home/navin/.m2/repository/org/apache/ivy/ivy/2.5.0/ivy-2.5.0.jar:/home/navin/.m2/repository/org/apache/logging/log4j/log4j-api/2.11.2/log4j-api-2.11.2.jar:/home/navin/.m2/repository/org/apache/logging/log4j/log4j-core/2.11.2/log4j-core-2.11.2.jar:/home/navin/.m2/repository/org/apache/maven/archetype/archetype-catalog/3.2.1/archetype-catalog-3.2.1.jar:/home/navin/.m2/repository/org/apache/maven/archetype/archetype-common/3.2.1/archetype-common-3.2.1.jar:/home/navin/.m2/repository/org/apache/maven/archetype/archetype-descriptor/3.2.1/archetype-descriptor-3.2.1.jar:/home/navin/.m2/repository/org/apache/maven/archetypes/maven-archetype-simple/1.4/maven-archetype-simple-1.4.jar:/home/navin/.m2/repository/org/apache/maven/doxia/doxia-core/1.0/doxia-core-1.0.jar:/home/navin/.m2/repository/org/apache/maven/doxia/doxia-core/1.1.2/doxia-core-1.1.2.jar:/home/navin/.m2/repository/org/apache/maven/doxia/doxia-core/1.2/doxia-core-1.2.jar:/home/navin/.m2/repository/org/apache/maven/doxia/doxia-core/1.4/doxia-core-1.4.jar:/home/navin/.m2/repository/org/apache/maven/doxia/doxia-core/1.7/doxia-core-1.7.jar:/home/navin/.m2/repository/org/apache/maven/doxia/doxia-core/1.8/doxia-core-1.8.jar:/home/navin/.m2/repository/org/apache/maven/doxia/doxia-decoration-model/1.0/doxia-decoration-model-1.0.jar:/home/navin/.m2/repository/org/apache/maven/doxia/doxia-decoration-model/1.1.2/doxia-decoration-model-1.1.2.jar:/home/navin/.m2/repository/org/apache/maven/doxia/doxia-decoration-model/1.1.4/doxia-decoration-model-1.1.4.jar:/home/navin/.m2/repository/org/apache/maven/doxia/doxia-decoration-model/1.4/doxia-decoration-model-1.4.jar:/home/navin/.m2/repository/org/apache/maven/doxia/doxia-decoration-model/1.7.4/doxia-decoration-model-1.7.4.jar:/home/navin/.m2/repository/org/apache/maven/doxia/doxia-decoration-model/1.8.1/doxia-decoration-model-1.8.1.jar:/home/navin/.m2/repository/org/apache/maven/doxia/doxia-integration-tools/1.8.1/doxia-integration-tools-1.8.1.jar:/home/navin/.m2/repository/org/apache/maven/doxia/doxia-logging-api/1.1.2/doxia-logging-api-1.1.2.jar:/home/navin/.m2/repository/org/apache/maven/doxia/doxia-logging-api/1.1/doxia-logging-api-1.1.jar:/home/navin/.m2/repository/org/apache/maven/doxia/doxia-logging-api/1.4/doxia-logging-api-1.4.jar:/home/navin/.m2/repository/org/apache/maven/doxia/doxia-logging-api/1.7/doxia-logging-api-1.7.jar:/home/navin/.m2/repository/org/apache/maven/doxia/doxia-logging-api/1.8/doxia-logging-api-1.8.jar:/home/navin/.m2/repository/org/apache/maven/doxia/doxia-logging-api/1.9.1/doxia-logging-api-1.9.1.jar:/home/navin/.m2/repository/org/apache/maven/doxia/doxia-module-apt/1.0/doxia-module-apt-1.0.jar:/home/navin/.m2/repository/org/apache/maven/doxia/doxia-module-apt/1.8/doxia-module-apt-1.8.jar:/home/navin/.m2/repository/org/apache/maven/doxia/doxia-module-fml/1.0/doxia-module-fml-1.0.jar:/home/navin/.m2/repository/org/apache/maven/doxia/doxia-module-fml/1.1.2/doxia-module-fml-1.1.2.jar:/home/navin/.m2/repository/org/apache/maven/doxia/doxia-module-fml/1.1.4/doxia-module-fml-1.1.4.jar:/home/navin/.m2/repository/org/apache/maven/doxia/doxia-module-fml/1.4/doxia-module-fml-1.4.jar:/home/navin/.m2/repository/org/apache/maven/doxia/doxia-module-fml/1.8/doxia-module-fml-1.8.jar:/home/navin/.m2/repository/org/apache/maven/doxia/doxia-module-markdown/1.8/doxia-module-markdown-1.8.jar:/home/navin/.m2/repository/org/apache/maven/doxia/doxia-module-xdoc/1.0/doxia-module-xdoc-1.0.jar:/home/navin/.m2/repository/org/apache/maven/doxia/doxia-module-xdoc/1.8/doxia-module-xdoc-1.8.jar:/home/navin/.m2/repository/org/apache/maven/doxia/doxia-module-xhtml/1.0/doxia-module-xhtml-1.0.jar:/home/navin/.m2/repository/org/apache/maven/doxia/doxia-module-xhtml/1.1.2/doxia-module-xhtml-1.1.2.jar:/home/navin/.m2/repository/org/apache/maven/doxia/doxia-module-xhtml/1.1.4/doxia-module-xhtml-1.1.4.jar:/home/navin/.m2/repository/org/apache/maven/doxia/doxia-module-xhtml/1.4/doxia-module-xhtml-1.4.jar:/home/navin/.m2/repository/org/apache/maven/doxia/doxia-module-xhtml/1.7/doxia-module-xhtml-1.7.jar:/home/navin/.m2/repository/org/apache/maven/doxia/doxia-module-xhtml/1.8/doxia-module-xhtml-1.8.jar:/home/navin/.m2/repository/org/apache/maven/doxia/doxia-sink-api/1.0-alpha-7/doxia-sink-api-1.0-alpha-7.jar:/home/navin/.m2/repository/org/apache/maven/doxia/doxia-sink-api/1.0/doxia-sink-api-1.0-sources.jar:/home/navin/.m2/repository/org/apache/maven/doxia/doxia-sink-api/1.0/doxia-sink-api-1.0.jar:/home/navin/.m2/repository/org/apache/maven/doxia/doxia-sink-api/1.1/doxia-sink-api-1.1.jar:/home/navin/.m2/repository/org/apache/maven/doxia/doxia-sink-api/1.4/doxia-sink-api-1.4.jar:/home/navin/.m2/repository/org/apache/maven/doxia/doxia-sink-api/1.7/doxia-sink-api-1.7.jar:/home/navin/.m2/repository/org/apache/maven/doxia/doxia-sink-api/1.8/doxia-sink-api-1.8.jar:/home/navin/.m2/repository/org/apache/maven/doxia/doxia-sink-api/1.9.1/doxia-sink-api-1.9.1.jar:/home/navin/.m2/repository/org/apache/maven/doxia/doxia-site-renderer/1.0/doxia-site-renderer-1.0.jar:/home/navin/.m2/repository/org/apache/maven/doxia/doxia-site-renderer/1.1.2/doxia-site-renderer-1.1.2.jar:/home/navin/.m2/repository/org/apache/maven/doxia/doxia-site-renderer/1.1.4/doxia-site-renderer-1.1.4.jar:/home/navin/.m2/repository/org/apache/maven/doxia/doxia-site-renderer/1.4/doxia-site-renderer-1.4.jar:/home/navin/.m2/repository/org/apache/maven/doxia/doxia-site-renderer/1.7.4/doxia-site-renderer-1.7.4.jar:/home/navin/.m2/repository/org/apache/maven/doxia/doxia-site-renderer/1.8.1/doxia-site-renderer-1.8.1.jar:/home/navin/.m2/repository/org/apache/maven/doxia/doxia-skin-model/1.7.4/doxia-skin-model-1.7.4.jar:/home/navin/.m2/repository/org/apache/maven/doxia/doxia-skin-model/1.8.1/doxia-skin-model-1.8.1.jar:/home/navin/.m2/repository/org/apache/maven/enforcer/enforcer-api/3.0.0-M2/enforcer-api-3.0.0-M2.jar:/home/navin/.m2/repository/org/apache/maven/enforcer/enforcer-rules/3.0.0-M2/enforcer-rules-3.0.0-M2.jar:/home/navin/.m2/repository/org/apache/maven/maven-aether-provider/3.0.4/maven-aether-provider-3.0.4.jar:/home/navin/.m2/repository/org/apache/maven/maven-aether-provider/3.0.5/maven-aether-provider-3.0.5.jar:/home/navin/.m2/repository/org/apache/maven/maven-aether-provider/3.0/maven-aether-provider-3.0-sources.jar:/home/navin/.m2/repository/org/apache/maven/maven-aether-provider/3.0/maven-aether-provider-3.0.jar:/home/navin/.m2/repository/org/apache/maven/maven-aether-provider/3.3.9/maven-aether-provider-3.3.9.jar:/home/navin/.m2/repository/org/apache/maven/maven-archiver/2.2/maven-archiver-2.2.jar:/home/navin/.m2/repository/org/apache/maven/maven-archiver/2.4.1/maven-archiver-2.4.1.jar:/home/navin/.m2/repository/org/apache/maven/maven-archiver/2.5/maven-archiver-2.5.jar:/home/navin/.m2/repository/org/apache/maven/maven-archiver/2.6/maven-archiver-2.6.jar:/home/navin/.m2/repository/org/apache/maven/maven-archiver/3.1.1/maven-archiver-3.1.1.jar:/home/navin/.m2/repository/org/apache/maven/maven-archiver/3.2.0/maven-archiver-3.2.0.jar:/home/navin/.m2/repository/org/apache/maven/maven-archiver/3.3.0/maven-archiver-3.3.0.jar:/home/navin/.m2/repository/org/apache/maven/maven-archiver/3.5.0/maven-archiver-3.5.0.jar:/home/navin/.m2/repository/org/apache/maven/maven-archiver/3.5.1/maven-archiver-3.5.1.jar:/home/navin/.m2/repository/org/apache/maven/maven-artifact-manager/2.0.11/maven-artifact-manager-2.0.11.jar:/home/navin/.m2/repository/org/apache/maven/maven-artifact-manager/2.0.2/maven-artifact-manager-2.0.2-sources.jar:/home/navin/.m2/repository/org/apache/maven/maven-artifact-manager/2.0.2/maven-artifact-manager-2.0.2.jar:/home/navin/.m2/repository/org/apache/maven/maven-artifact-manager/2.0.6/maven-artifact-manager-2.0.6.jar:/home/navin/.m2/repository/org/apache/maven/maven-artifact-manager/2.0.7/maven-artifact-manager-2.0.7.jar:/home/navin/.m2/repository/org/apache/maven/maven-artifact-manager/2.0.9/maven-artifact-manager-2.0.9.jar:/home/navin/.m2/repository/org/apache/maven/maven-artifact-manager/2.2.0/maven-artifact-manager-2.2.0.jar:/home/navin/.m2/repository/org/apache/maven/maven-artifact-manager/2.2.1/maven-artifact-manager-2.2.1.jar:/home/navin/.m2/repository/org/apache/maven/maven-artifact/2.0.11/maven-artifact-2.0.11.jar:/home/navin/.m2/repository/org/apache/maven/maven-artifact/2.0.2/maven-artifact-2.0.2.jar:/home/navin/.m2/repository/org/apache/maven/maven-artifact/2.0.6/maven-artifact-2.0.6.jar:/home/navin/.m2/repository/org/apache/maven/maven-artifact/2.0.7/maven-artifact-2.0.7.jar:/home/navin/.m2/repository/org/apache/maven/maven-artifact/2.0.9/maven-artifact-2.0.9.jar:/home/navin/.m2/repository/org/apache/maven/maven-artifact/2.2.0/maven-artifact-2.2.0.jar:/home/navin/.m2/repository/org/apache/maven/maven-artifact/2.2.1/maven-artifact-2.2.1.jar:/home/navin/.m2/repository/org/apache/maven/maven-artifact/3.0.4/maven-artifact-3.0.4.jar:/home/navin/.m2/repository/org/apache/maven/maven-artifact/3.0.5/maven-artifact-3.0.5.jar:/home/navin/.m2/repository/org/apache/maven/maven-artifact/3.0/maven-artifact-3.0-sources.jar:/home/navin/.m2/repository/org/apache/maven/maven-artifact/3.0/maven-artifact-3.0.jar:/home/navin/.m2/repository/org/apache/maven/maven-artifact/3.3.9/maven-artifact-3.3.9.jar:/home/navin/.m2/repository/org/apache/maven/maven-artifact/3.8.1/maven-artifact-3.8.1-sources.jar:/home/navin/.m2/repository/org/apache/maven/maven-builder-support/3.3.9/maven-builder-support-3.3.9.jar:/home/navin/.m2/repository/org/apache/maven/maven-builder-support/3.8.1/maven-builder-support-3.8.1-sources.jar:/home/navin/.m2/repository/org/apache/maven/maven-compat/3.0.5/maven-compat-3.0.5.jar:/home/navin/.m2/repository/org/apache/maven/maven-compat/3.0/maven-compat-3.0.jar:/home/navin/.m2/repository/org/apache/maven/maven-compat/3.3.9/maven-compat-3.3.9.jar:/home/navin/.m2/repository/org/apache/maven/maven-core/2.0.2/maven-core-2.0.2.jar:/home/navin/.m2/repository/org/apache/maven/maven-core/2.0.6/maven-core-2.0.6.jar:/home/navin/.m2/repository/org/apache/maven/maven-core/2.0.9/maven-core-2.0.9.jar:/home/navin/.m2/repository/org/apache/maven/maven-core/2.2.0/maven-core-2.2.0.jar:/home/navin/.m2/repository/org/apache/maven/maven-core/2.2.1/maven-core-2.2.1.jar:/home/navin/.m2/repository/org/apache/maven/maven-core/3.0.4/maven-core-3.0.4.jar:/home/navin/.m2/repository/org/apache/maven/maven-core/3.0.5/maven-core-3.0.5.jar:/home/navin/.m2/repository/org/apache/maven/maven-core/3.0/maven-core-3.0-sources.jar:/home/navin/.m2/repository/org/apache/maven/maven-core/3.0/maven-core-3.0.jar:/home/navin/.m2/repository/org/apache/maven/maven-core/3.3.9/maven-core-3.3.9.jar:/home/navin/.m2/repository/org/apache/maven/maven-core/3.8.1/maven-core-3.8.1-sources.jar:/home/navin/.m2/repository/org/apache/maven/maven-error-diagnostics/2.0.2/maven-error-diagnostics-2.0.2.jar:/home/navin/.m2/repository/org/apache/maven/maven-error-diagnostics/2.0.6/maven-error-diagnostics-2.0.6.jar:/home/navin/.m2/repository/org/apache/maven/maven-error-diagnostics/2.0.9/maven-error-diagnostics-2.0.9.jar:/home/navin/.m2/repository/org/apache/maven/maven-error-diagnostics/2.2.0/maven-error-diagnostics-2.2.0.jar:/home/navin/.m2/repository/org/apache/maven/maven-error-diagnostics/2.2.1/maven-error-diagnostics-2.2.1.jar:/home/navin/.m2/repository/org/apache/maven/maven-model-builder/3.0.4/maven-model-builder-3.0.4.jar:/home/navin/.m2/repository/org/apache/maven/maven-model-builder/3.0.5/maven-model-builder-3.0.5.jar:/home/navin/.m2/repository/org/apache/maven/maven-model-builder/3.0/maven-model-builder-3.0-sources.jar:/home/navin/.m2/repository/org/apache/maven/maven-model-builder/3.0/maven-model-builder-3.0.jar:/home/navin/.m2/repository/org/apache/maven/maven-model-builder/3.3.9/maven-model-builder-3.3.9.jar:/home/navin/.m2/repository/org/apache/maven/maven-model-builder/3.8.1/maven-model-builder-3.8.1-sources.jar:/home/navin/.m2/repository/org/apache/maven/maven-model/2.0.11/maven-model-2.0.11.jar:/home/navin/.m2/repository/org/apache/maven/maven-model/2.0.2/maven-model-2.0.2.jar:/home/navin/.m2/repository/org/apache/maven/maven-model/2.0.6/maven-model-2.0.6.jar:/home/navin/.m2/repository/org/apache/maven/maven-model/2.0.7/maven-model-2.0.7.jar:/home/navin/.m2/repository/org/apache/maven/maven-model/2.0.9/maven-model-2.0.9.jar:/home/navin/.m2/repository/org/apache/maven/maven-model/2.2.0/maven-model-2.2.0.jar:/home/navin/.m2/repository/org/apache/maven/maven-model/2.2.1/maven-model-2.2.1.jar:/home/navin/.m2/repository/org/apache/maven/maven-model/3.0.4/maven-model-3.0.4.jar:/home/navin/.m2/repository/org/apache/maven/maven-model/3.0.5/maven-model-3.0.5.jar:/home/navin/.m2/repository/org/apache/maven/maven-model/3.0/maven-model-3.0-sources.jar:/home/navin/.m2/repository/org/apache/maven/maven-model/3.0/maven-model-3.0.jar:/home/navin/.m2/repository/org/apache/maven/maven-model/3.3.9/maven-model-3.3.9.jar:/home/navin/.m2/repository/org/apache/maven/maven-model/3.6.1/maven-model-3.6.1.jar:/home/navin/.m2/repository/org/apache/maven/maven-model/3.8.1/maven-model-3.8.1-sources.jar:/home/navin/.m2/repository/org/apache/maven/maven-monitor/2.0.2/maven-monitor-2.0.2.jar:/home/navin/.m2/repository/org/apache/maven/maven-monitor/2.0.6/maven-monitor-2.0.6.jar:/home/navin/.m2/repository/org/apache/maven/maven-monitor/2.0.9/maven-monitor-2.0.9.jar:/home/navin/.m2/repository/org/apache/maven/maven-monitor/2.2.0/maven-monitor-2.2.0.jar:/home/navin/.m2/repository/org/apache/maven/maven-monitor/2.2.1/maven-monitor-2.2.1.jar:/home/navin/.m2/repository/org/apache/maven/maven-plugin-api/2.0.11/maven-plugin-api-2.0.11.jar:/home/navin/.m2/repository/org/apache/maven/maven-plugin-api/2.0.2/maven-plugin-api-2.0.2.jar:/home/navin/.m2/repository/org/apache/maven/maven-plugin-api/2.0.6/maven-plugin-api-2.0.6.jar:/home/navin/.m2/repository/org/apache/maven/maven-plugin-api/2.0.7/maven-plugin-api-2.0.7.jar:/home/navin/.m2/repository/org/apache/maven/maven-plugin-api/2.0.9/maven-plugin-api-2.0.9.jar:/home/navin/.m2/repository/org/apache/maven/maven-plugin-api/2.2.0/maven-plugin-api-2.2.0.jar:/home/navin/.m2/repository/org/apache/maven/maven-plugin-api/2.2.1/maven-plugin-api-2.2.1.jar:/home/navin/.m2/repository/org/apache/maven/maven-plugin-api/3.0.4/maven-plugin-api-3.0.4.jar:/home/navin/.m2/repository/org/apache/maven/maven-plugin-api/3.0.5/maven-plugin-api-3.0.5.jar:/home/navin/.m2/repository/org/apache/maven/maven-plugin-api/3.0/maven-plugin-api-3.0-sources.jar:/home/navin/.m2/repository/org/apache/maven/maven-plugin-api/3.0/maven-plugin-api-3.0.jar:/home/navin/.m2/repository/org/apache/maven/maven-plugin-api/3.3.9/maven-plugin-api-3.3.9.jar:/home/navin/.m2/repository/org/apache/maven/maven-plugin-api/3.8.1/maven-plugin-api-3.8.1-sources.jar:/home/navin/.m2/repository/org/apache/maven/maven-plugin-descriptor/2.0.2/maven-plugin-descriptor-2.0.2.jar:/home/navin/.m2/repository/org/apache/maven/maven-plugin-descriptor/2.0.6/maven-plugin-descriptor-2.0.6.jar:/home/navin/.m2/repository/org/apache/maven/maven-plugin-descriptor/2.0.9/maven-plugin-descriptor-2.0.9.jar:/home/navin/.m2/repository/org/apache/maven/maven-plugin-descriptor/2.2.0/maven-plugin-descriptor-2.2.0.jar:/home/navin/.m2/repository/org/apache/maven/maven-plugin-descriptor/2.2.1/maven-plugin-descriptor-2.2.1.jar:/home/navin/.m2/repository/org/apache/maven/maven-plugin-parameter-documenter/2.0.2/maven-plugin-parameter-documenter-2.0.2.jar:/home/navin/.m2/repository/org/apache/maven/maven-plugin-parameter-documenter/2.0.6/maven-plugin-parameter-documenter-2.0.6.jar:/home/navin/.m2/repository/org/apache/maven/maven-plugin-parameter-documenter/2.0.9/maven-plugin-parameter-documenter-2.0.9.jar:/home/navin/.m2/repository/org/apache/maven/maven-plugin-parameter-documenter/2.2.0/maven-plugin-parameter-documenter-2.2.0.jar:/home/navin/.m2/repository/org/apache/maven/maven-plugin-parameter-documenter/2.2.1/maven-plugin-parameter-documenter-2.2.1.jar:/home/navin/.m2/repository/org/apache/maven/maven-plugin-registry/2.0.10/maven-plugin-registry-2.0.10.jar:/home/navin/.m2/repository/org/apache/maven/maven-plugin-registry/2.0.11/maven-plugin-registry-2.0.11.jar:/home/navin/.m2/repository/org/apache/maven/maven-plugin-registry/2.0.2/maven-plugin-registry-2.0.2.jar:/home/navin/.m2/repository/org/apache/maven/maven-plugin-registry/2.0.6/maven-plugin-registry-2.0.6.jar:/home/navin/.m2/repository/org/apache/maven/maven-plugin-registry/2.0.7/maven-plugin-registry-2.0.7.jar:/home/navin/.m2/repository/org/apache/maven/maven-plugin-registry/2.0.9/maven-plugin-registry-2.0.9.jar:/home/navin/.m2/repository/org/apache/maven/maven-plugin-registry/2.2.0/maven-plugin-registry-2.2.0.jar:/home/navin/.m2/repository/org/apache/maven/maven-plugin-registry/2.2.1/maven-plugin-registry-2.2.1.jar:/home/navin/.m2/repository/org/apache/maven/maven-profile/2.0.10/maven-profile-2.0.10.jar:/home/navin/.m2/repository/org/apache/maven/maven-profile/2.0.11/maven-profile-2.0.11.jar:/home/navin/.m2/repository/org/apache/maven/maven-profile/2.0.2/maven-profile-2.0.2.jar:/home/navin/.m2/repository/org/apache/maven/maven-profile/2.0.6/maven-profile-2.0.6.jar:/home/navin/.m2/repository/org/apache/maven/maven-profile/2.0.7/maven-profile-2.0.7.jar:/home/navin/.m2/repository/org/apache/maven/maven-profile/2.0.9/maven-profile-2.0.9.jar:/home/navin/.m2/repository/org/apache/maven/maven-profile/2.2.0/maven-profile-2.2.0.jar:/home/navin/.m2/repository/org/apache/maven/maven-profile/2.2.1/maven-profile-2.2.1.jar:/home/navin/.m2/repository/org/apache/maven/maven-project-builder/3.0-alpha-2/maven-project-builder-3.0-alpha-2.jar:/home/navin/.m2/repository/org/apache/maven/maven-project/2.0.10/maven-project-2.0.10.jar:/home/navin/.m2/repository/org/apache/maven/maven-project/2.0.11/maven-project-2.0.11.jar:/home/navin/.m2/repository/org/apache/maven/maven-project/2.0.2/maven-project-2.0.2.jar:/home/navin/.m2/repository/org/apache/maven/maven-project/2.0.6/maven-project-2.0.6.jar:/home/navin/.m2/repository/org/apache/maven/maven-project/2.0.7/maven-project-2.0.7.jar:/home/navin/.m2/repository/org/apache/maven/maven-project/2.0.9/maven-project-2.0.9.jar:/home/navin/.m2/repository/org/apache/maven/maven-project/2.2.0/maven-project-2.2.0.jar:/home/navin/.m2/repository/org/apache/maven/maven-project/2.2.1/maven-project-2.2.1.jar:/home/navin/.m2/repository/org/apache/maven/maven-project/3.0-alpha-2/maven-project-3.0-alpha-2.jar:/home/navin/.m2/repository/org/apache/maven/maven-repository-metadata/2.0.11/maven-repository-metadata-2.0.11.jar:/home/navin/.m2/repository/org/apache/maven/maven-repository-metadata/2.0.2/maven-repository-metadata-2.0.2.jar:/home/navin/.m2/repository/org/apache/maven/maven-repository-metadata/2.0.6/maven-repository-metadata-2.0.6.jar:/home/navin/.m2/repository/org/apache/maven/maven-repository-metadata/2.0.7/maven-repository-metadata-2.0.7.jar:/home/navin/.m2/repository/org/apache/maven/maven-repository-metadata/2.0.9/maven-repository-metadata-2.0.9.jar:/home/navin/.m2/repository/org/apache/maven/maven-repository-metadata/2.2.0/maven-repository-metadata-2.2.0.jar:/home/navin/.m2/repository/org/apache/maven/maven-repository-metadata/2.2.1/maven-repository-metadata-2.2.1.jar:/home/navin/.m2/repository/org/apache/maven/maven-repository-metadata/3.0.4/maven-repository-metadata-3.0.4.jar:/home/navin/.m2/repository/org/apache/maven/maven-repository-metadata/3.0.5/maven-repository-metadata-3.0.5.jar:/home/navin/.m2/repository/org/apache/maven/maven-repository-metadata/3.0/maven-repository-metadata-3.0-sources.jar:/home/navin/.m2/repository/org/apache/maven/maven-repository-metadata/3.0/maven-repository-metadata-3.0.jar:/home/navin/.m2/repository/org/apache/maven/maven-repository-metadata/3.3.9/maven-repository-metadata-3.3.9.jar:/home/navin/.m2/repository/org/apache/maven/maven-repository-metadata/3.8.1/maven-repository-metadata-3.8.1-sources.jar:/home/navin/.m2/repository/org/apache/maven/maven-resolver-provider/3.8.1/maven-resolver-provider-3.8.1-sources.jar:/home/navin/.m2/repository/org/apache/maven/maven-settings-builder/3.0.4/maven-settings-builder-3.0.4.jar:/home/navin/.m2/repository/org/apache/maven/maven-settings-builder/3.0.5/maven-settings-builder-3.0.5.jar:/home/navin/.m2/repository/org/apache/maven/maven-settings-builder/3.0/maven-settings-builder-3.0-sources.jar:/home/navin/.m2/repository/org/apache/maven/maven-settings-builder/3.0/maven-settings-builder-3.0.jar:/home/navin/.m2/repository/org/apache/maven/maven-settings-builder/3.3.9/maven-settings-builder-3.3.9.jar:/home/navin/.m2/repository/org/apache/maven/maven-settings-builder/3.8.1/maven-settings-builder-3.8.1-sources.jar:/home/navin/.m2/repository/org/apache/maven/maven-settings/2.0.11/maven-settings-2.0.11.jar:/home/navin/.m2/repository/org/apache/maven/maven-settings/2.0.2/maven-settings-2.0.2.jar:/home/navin/.m2/repository/org/apache/maven/maven-settings/2.0.6/maven-settings-2.0.6.jar:/home/navin/.m2/repository/org/apache/maven/maven-settings/2.0.7/maven-settings-2.0.7.jar:/home/navin/.m2/repository/org/apache/maven/maven-settings/2.0.9/maven-settings-2.0.9.jar:/home/navin/.m2/repository/org/apache/maven/maven-settings/2.2.0/maven-settings-2.2.0.jar:/home/navin/.m2/repository/org/apache/maven/maven-settings/2.2.1/maven-settings-2.2.1.jar:/home/navin/.m2/repository/org/apache/maven/maven-settings/3.0.4/maven-settings-3.0.4.jar:/home/navin/.m2/repository/org/apache/maven/maven-settings/3.0.5/maven-settings-3.0.5.jar:/home/navin/.m2/repository/org/apache/maven/maven-settings/3.0/maven-settings-3.0-sources.jar:/home/navin/.m2/repository/org/apache/maven/maven-settings/3.0/maven-settings-3.0.jar:/home/navin/.m2/repository/org/apache/maven/maven-settings/3.3.9/maven-settings-3.3.9.jar:/home/navin/.m2/repository/org/apache/maven/maven-settings/3.8.1/maven-settings-3.8.1-sources.jar:/home/navin/.m2/repository/org/apache/maven/maven-toolchain/1.0/maven-toolchain-1.0.jar:/home/navin/.m2/repository/org/apache/maven/maven-toolchain/2.0.9/maven-toolchain-2.0.9.jar:/home/navin/.m2/repository/org/apache/maven/maven-toolchain/2.2.1/maven-toolchain-2.2.1.jar:/home/navin/.m2/repository/org/apache/maven/maven-toolchain/3.0-alpha-2/maven-toolchain-3.0-alpha-2.jar:/home/navin/.m2/repository/org/apache/maven/plugin-tools/maven-plugin-annotations/3.1/maven-plugin-annotations-3.1.jar:/home/navin/.m2/repository/org/apache/maven/plugin-tools/maven-plugin-annotations/3.2/maven-plugin-annotations-3.2.jar:/home/navin/.m2/repository/org/apache/maven/plugin-tools/maven-plugin-annotations/3.4/maven-plugin-annotations-3.4-sources.jar:/home/navin/.m2/repository/org/apache/maven/plugin-tools/maven-plugin-annotations/3.4/maven-plugin-annotations-3.4.jar:/home/navin/.m2/repository/org/apache/maven/plugin-tools/maven-plugin-annotations/3.5.2/maven-plugin-annotations-3.5.2.jar:/home/navin/.m2/repository/org/apache/maven/plugin-tools/maven-plugin-annotations/3.6.0/maven-plugin-annotations-3.6.0.jar:/home/navin/.m2/repository/org/apache/maven/plugin-tools/maven-plugin-tools-annotations/3.6.0/maven-plugin-tools-annotations-3.6.0.jar:/home/navin/.m2/repository/org/apache/maven/plugin-tools/maven-plugin-tools-api/3.5.2/maven-plugin-tools-api-3.5.2.jar:/home/navin/.m2/repository/org/apache/maven/plugin-tools/maven-plugin-tools-api/3.6.0/maven-plugin-tools-api-3.6.0.jar:/home/navin/.m2/repository/org/apache/maven/plugin-tools/maven-plugin-tools-generators/3.5.2/maven-plugin-tools-generators-3.5.2.jar:/home/navin/.m2/repository/org/apache/maven/plugin-tools/maven-plugin-tools-generators/3.6.0/maven-plugin-tools-generators-3.6.0.jar:/home/navin/.m2/repository/org/apache/maven/plugin-tools/maven-plugin-tools-java/3.6.0/maven-plugin-tools-java-3.6.0.jar:/home/navin/.m2/repository/org/apache/maven/plugin-tools/maven-script-beanshell/3.3/maven-script-beanshell-3.3.jar:/home/navin/.m2/repository/org/apache/maven/plugins/maven-ant-plugin/2.4/maven-ant-plugin-2.4.jar:/home/navin/.m2/repository/org/apache/maven/plugins/maven-antrun-plugin/1.3/maven-antrun-plugin-1.3.jar:/home/navin/.m2/repository/org/apache/maven/plugins/maven-antrun-plugin/1.6/maven-antrun-plugin-1.6.jar:/home/navin/.m2/repository/org/apache/maven/plugins/maven-archetype-plugin/3.2.1/maven-archetype-plugin-3.2.1.jar:/home/navin/.m2/repository/org/apache/maven/plugins/maven-assembly-plugin/2.2-beta-5/maven-assembly-plugin-2.2-beta-5.jar:/home/navin/.m2/repository/org/apache/maven/plugins/maven-assembly-plugin/2.2.1/maven-assembly-plugin-2.2.1.jar:/home/navin/.m2/repository/org/apache/maven/plugins/maven-clean-plugin/2.4.1/maven-clean-plugin-2.4.1.jar:/home/navin/.m2/repository/org/apache/maven/plugins/maven-clean-plugin/2.5/maven-clean-plugin-2.5.jar:/home/navin/.m2/repository/org/apache/maven/plugins/maven-clean-plugin/3.1.0/maven-clean-plugin-3.1.0.jar:/home/navin/.m2/repository/org/apache/maven/plugins/maven-compiler-plugin/3.1/maven-compiler-plugin-3.1.jar:/home/navin/.m2/repository/org/apache/maven/plugins/maven-compiler-plugin/3.5.1/maven-compiler-plugin-3.5.1.jar:/home/navin/.m2/repository/org/apache/maven/plugins/maven-compiler-plugin/3.7.0/maven-compiler-plugin-3.7.0.jar:/home/navin/.m2/repository/org/apache/maven/plugins/maven-compiler-plugin/3.8.0/maven-compiler-plugin-3.8.0.jar:/home/navin/.m2/repository/org/apache/maven/plugins/maven-compiler-plugin/3.8.1/maven-compiler-plugin-3.8.1.jar:/home/navin/.m2/repository/org/apache/maven/plugins/maven-dependency-plugin/2.2/maven-dependency-plugin-2.2.jar:/home/navin/.m2/repository/org/apache/maven/plugins/maven-dependency-plugin/2.8/maven-dependency-plugin-2.8.jar:/home/navin/.m2/repository/org/apache/maven/plugins/maven-deploy-plugin/2.7/maven-deploy-plugin-2.7.jar:/home/navin/.m2/repository/org/apache/maven/plugins/maven-deploy-plugin/2.8.2/maven-deploy-plugin-2.8.2.jar:/home/navin/.m2/repository/org/apache/maven/plugins/maven-enforcer-plugin/3.0.0-M2/maven-enforcer-plugin-3.0.0-M2.jar:/home/navin/.m2/repository/org/apache/maven/plugins/maven-failsafe-plugin/2.16/maven-failsafe-plugin-2.16.jar:/home/navin/.m2/repository/org/apache/maven/plugins/maven-help-plugin/3.2.0/maven-help-plugin-3.2.0.jar:/home/navin/.m2/repository/org/apache/maven/plugins/maven-install-plugin/2.3.1/maven-install-plugin-2.3.1.jar:/home/navin/.m2/repository/org/apache/maven/plugins/maven-install-plugin/2.4/maven-install-plugin-2.4.jar:/home/navin/.m2/repository/org/apache/maven/plugins/maven-install-plugin/2.5.2/maven-install-plugin-2.5.2.jar:/home/navin/.m2/repository/org/apache/maven/plugins/maven-invoker-plugin/2.0.0/maven-invoker-plugin-2.0.0.jar:/home/navin/.m2/repository/org/apache/maven/plugins/maven-jar-plugin/2.3.1/maven-jar-plugin-2.3.1.jar:/home/navin/.m2/repository/org/apache/maven/plugins/maven-jar-plugin/2.4/maven-jar-plugin-2.4.jar:/home/navin/.m2/repository/org/apache/maven/plugins/maven-jar-plugin/3.0.2/maven-jar-plugin-3.0.2.jar:/home/navin/.m2/repository/org/apache/maven/plugins/maven-javadoc-plugin/3.0.1/maven-javadoc-plugin-3.0.1.jar:/home/navin/.m2/repository/org/apache/maven/plugins/maven-plugin-plugin/3.6.0/maven-plugin-plugin-3.6.0.jar:/home/navin/.m2/repository/org/apache/maven/plugins/maven-project-info-reports-plugin/3.0.0/maven-project-info-reports-plugin-3.0.0.jar:/home/navin/.m2/repository/org/apache/maven/plugins/maven-release-plugin/2.5.3/maven-release-plugin-2.5.3.jar:/home/navin/.m2/repository/org/apache/maven/plugins/maven-resources-plugin/2.5/maven-resources-plugin-2.5.jar:/home/navin/.m2/repository/org/apache/maven/plugins/maven-resources-plugin/2.6/maven-resources-plugin-2.6.jar:/home/navin/.m2/repository/org/apache/maven/plugins/maven-resources-plugin/3.0.2/maven-resources-plugin-3.0.2.jar:/home/navin/.m2/repository/org/apache/maven/plugins/maven-shade-plugin/3.2.1/maven-shade-plugin-3.2.1.jar:/home/navin/.m2/repository/org/apache/maven/plugins/maven-site-plugin/3.3/maven-site-plugin-3.3.jar:/home/navin/.m2/repository/org/apache/maven/plugins/maven-site-plugin/3.7.1/maven-site-plugin-3.7.1.jar:/home/navin/.m2/repository/org/apache/maven/plugins/maven-source-plugin/2.1.2/maven-source-plugin-2.1.2.jar:/home/navin/.m2/repository/org/apache/maven/plugins/maven-source-plugin/3.2.1/maven-source-plugin-3.2.1.jar:/home/navin/.m2/repository/org/apache/maven/plugins/maven-surefire-plugin/2.12.2/maven-surefire-plugin-2.12.2.jar:/home/navin/.m2/repository/org/apache/maven/plugins/maven-surefire-plugin/2.12.4/maven-surefire-plugin-2.12.4.jar:/home/navin/.m2/repository/org/apache/maven/plugins/maven-surefire-plugin/2.16/maven-surefire-plugin-2.16.jar:/home/navin/.m2/repository/org/apache/maven/plugins/maven-surefire-plugin/2.22.1/maven-surefire-plugin-2.22.1.jar:/home/navin/.m2/repository/org/apache/maven/plugins/maven-surefire-plugin/2.9/maven-surefire-plugin-2.9.jar:/home/navin/.m2/repository/org/apache/maven/plugins/maven-surefire-plugin/3.0.0-M5/maven-surefire-plugin-3.0.0-M5.jar:/home/navin/.m2/repository/org/apache/maven/plugins/maven-wrapper-plugin/3.1.0/maven-wrapper-plugin-3.1.0.jar:/home/navin/.m2/repository/org/apache/maven/reporting/maven-reporting-api/2.0.2/maven-reporting-api-2.0.2.jar:/home/navin/.m2/repository/org/apache/maven/reporting/maven-reporting-api/2.0.6/maven-reporting-api-2.0.6.jar:/home/navin/.m2/repository/org/apache/maven/reporting/maven-reporting-api/2.0.9/maven-reporting-api-2.0.9.jar:/home/navin/.m2/repository/org/apache/maven/reporting/maven-reporting-api/2.2.0/maven-reporting-api-2.2.0.jar:/home/navin/.m2/repository/org/apache/maven/reporting/maven-reporting-api/2.2.1/maven-reporting-api-2.2.1.jar:/home/navin/.m2/repository/org/apache/maven/reporting/maven-reporting-api/3.0/maven-reporting-api-3.0-sources.jar:/home/navin/.m2/repository/org/apache/maven/reporting/maven-reporting-api/3.0/maven-reporting-api-3.0.jar:/home/navin/.m2/repository/org/apache/maven/reporting/maven-reporting-exec/1.4/maven-reporting-exec-1.4.jar:/home/navin/.m2/repository/org/apache/maven/reporting/maven-reporting-impl/2.0.5/maven-reporting-impl-2.0.5.jar:/home/navin/.m2/repository/org/apache/maven/reporting/maven-reporting-impl/2.1/maven-reporting-impl-2.1.jar:/home/navin/.m2/repository/org/apache/maven/reporting/maven-reporting-impl/2.2/maven-reporting-impl-2.2.jar:/home/navin/.m2/repository/org/apache/maven/reporting/maven-reporting-impl/2.3/maven-reporting-impl-2.3.jar:/home/navin/.m2/repository/org/apache/maven/reporting/maven-reporting-impl/3.0.0/maven-reporting-impl-3.0.0.jar:/home/navin/.m2/repository/org/apache/maven/resolver/maven-resolver-api/1.6.2/maven-resolver-api-1.6.2-sources.jar:/home/navin/.m2/repository/org/apache/maven/resolver/maven-resolver-spi/1.6.2/maven-resolver-spi-1.6.2-sources.jar:/home/navin/.m2/repository/org/apache/maven/resolver/maven-resolver-util/1.6.2/maven-resolver-util-1.6.2-sources.jar:/home/navin/.m2/repository/org/apache/maven/scm/maven-scm-api/1.10.0/maven-scm-api-1.10.0.jar:/home/navin/.m2/repository/org/apache/maven/scm/maven-scm-api/1.8/maven-scm-api-1.8.jar:/home/navin/.m2/repository/org/apache/maven/scm/maven-scm-manager-plexus/1.10.0/maven-scm-manager-plexus-1.10.0.jar:/home/navin/.m2/repository/org/apache/maven/scm/maven-scm-manager-plexus/1.8/maven-scm-manager-plexus-1.8.jar:/home/navin/.m2/repository/org/apache/maven/scm/maven-scm-provider-bazaar/1.8/maven-scm-provider-bazaar-1.8.jar:/home/navin/.m2/repository/org/apache/maven/scm/maven-scm-provider-clearcase/1.8/maven-scm-provider-clearcase-1.8.jar:/home/navin/.m2/repository/org/apache/maven/scm/maven-scm-provider-cvs-commons/1.10.0/maven-scm-provider-cvs-commons-1.10.0.jar:/home/navin/.m2/repository/org/apache/maven/scm/maven-scm-provider-cvs-commons/1.8/maven-scm-provider-cvs-commons-1.8.jar:/home/navin/.m2/repository/org/apache/maven/scm/maven-scm-provider-cvsexe/1.10.0/maven-scm-provider-cvsexe-1.10.0.jar:/home/navin/.m2/repository/org/apache/maven/scm/maven-scm-provider-cvsexe/1.8/maven-scm-provider-cvsexe-1.8.jar:/home/navin/.m2/repository/org/apache/maven/scm/maven-scm-provider-cvsjava/1.10.0/maven-scm-provider-cvsjava-1.10.0.jar:/home/navin/.m2/repository/org/apache/maven/scm/maven-scm-provider-git-commons/1.10.0/maven-scm-provider-git-commons-1.10.0.jar:/home/navin/.m2/repository/org/apache/maven/scm/maven-scm-provider-git-commons/1.8/maven-scm-provider-git-commons-1.8.jar:/home/navin/.m2/repository/org/apache/maven/scm/maven-scm-provider-gitexe/1.10.0/maven-scm-provider-gitexe-1.10.0.jar:/home/navin/.m2/repository/org/apache/maven/scm/maven-scm-provider-gitexe/1.8/maven-scm-provider-gitexe-1.8.jar:/home/navin/.m2/repository/org/apache/maven/scm/maven-scm-provider-hg/1.10.0/maven-scm-provider-hg-1.10.0.jar:/home/navin/.m2/repository/org/apache/maven/scm/maven-scm-provider-hg/1.8/maven-scm-provider-hg-1.8.jar:/home/navin/.m2/repository/org/apache/maven/scm/maven-scm-provider-perforce/1.10.0/maven-scm-provider-perforce-1.10.0.jar:/home/navin/.m2/repository/org/apache/maven/scm/maven-scm-provider-perforce/1.8/maven-scm-provider-perforce-1.8.jar:/home/navin/.m2/repository/org/apache/maven/scm/maven-scm-provider-starteam/1.10.0/maven-scm-provider-starteam-1.10.0.jar:/home/navin/.m2/repository/org/apache/maven/scm/maven-scm-provider-starteam/1.8/maven-scm-provider-starteam-1.8.jar:/home/navin/.m2/repository/org/apache/maven/scm/maven-scm-provider-svn-commons/1.10.0/maven-scm-provider-svn-commons-1.10.0.jar:/home/navin/.m2/repository/org/apache/maven/scm/maven-scm-provider-svn-commons/1.8/maven-scm-provider-svn-commons-1.8.jar:/home/navin/.m2/repository/org/apache/maven/scm/maven-scm-provider-svnexe/1.10.0/maven-scm-provider-svnexe-1.10.0.jar:/home/navin/.m2/repository/org/apache/maven/scm/maven-scm-provider-svnexe/1.8/maven-scm-provider-svnexe-1.8.jar:/home/navin/.m2/repository/org/apache/maven/shared/file-management/1.1/file-management-1.1.jar:/home/navin/.m2/repository/org/apache/maven/shared/file-management/1.2.1/file-management-1.2.1-sources.jar:/home/navin/.m2/repository/org/apache/maven/shared/file-management/1.2.1/file-management-1.2.1.jar:/home/navin/.m2/repository/org/apache/maven/shared/file-management/3.0.0/file-management-3.0.0.jar:/home/navin/.m2/repository/org/apache/maven/shared/maven-artifact-transfer/0.10.0/maven-artifact-transfer-0.10.0.jar:/home/navin/.m2/repository/org/apache/maven/shared/maven-artifact-transfer/0.11.0/maven-artifact-transfer-0.11.0.jar:/home/navin/.m2/repository/org/apache/maven/shared/maven-artifact-transfer/0.13.1/maven-artifact-transfer-0.13.1.jar:/home/navin/.m2/repository/org/apache/maven/shared/maven-artifact-transfer/0.9.1/maven-artifact-transfer-0.9.1.jar:/home/navin/.m2/repository/org/apache/maven/shared/maven-common-artifact-filters/1.2/maven-common-artifact-filters-1.2.jar:/home/navin/.m2/repository/org/apache/maven/shared/maven-common-artifact-filters/1.3/maven-common-artifact-filters-1.3.jar:/home/navin/.m2/repository/org/apache/maven/shared/maven-common-artifact-filters/3.0.0/maven-common-artifact-filters-3.0.0.jar:/home/navin/.m2/repository/org/apache/maven/shared/maven-common-artifact-filters/3.0.1/maven-common-artifact-filters-3.0.1.jar:/home/navin/.m2/repository/org/apache/maven/shared/maven-common-artifact-filters/3.1.0/maven-common-artifact-filters-3.1.0.jar:/home/navin/.m2/repository/org/apache/maven/shared/maven-dependency-analyzer/1.2/maven-dependency-analyzer-1.2.jar:/home/navin/.m2/repository/org/apache/maven/shared/maven-dependency-tree/1.2/maven-dependency-tree-1.2.jar:/home/navin/.m2/repository/org/apache/maven/shared/maven-dependency-tree/2.1/maven-dependency-tree-2.1.jar:/home/navin/.m2/repository/org/apache/maven/shared/maven-dependency-tree/2.2/maven-dependency-tree-2.2.jar:/home/navin/.m2/repository/org/apache/maven/shared/maven-dependency-tree/3.0.1/maven-dependency-tree-3.0.1.jar:/home/navin/.m2/repository/org/apache/maven/shared/maven-doxia-tools/1.0.2/maven-doxia-tools-1.0.2.jar:/home/navin/.m2/repository/org/apache/maven/shared/maven-filtering/1.0/maven-filtering-1.0.jar:/home/navin/.m2/repository/org/apache/maven/shared/maven-filtering/1.1/maven-filtering-1.1.jar:/home/navin/.m2/repository/org/apache/maven/shared/maven-filtering/3.1.1/maven-filtering-3.1.1.jar:/home/navin/.m2/repository/org/apache/maven/shared/maven-invoker/2.0.7/maven-invoker-2.0.7.jar:/home/navin/.m2/repository/org/apache/maven/shared/maven-invoker/2.2/maven-invoker-2.2.jar:/home/navin/.m2/repository/org/apache/maven/shared/maven-invoker/3.0.0/maven-invoker-3.0.0.jar:/home/navin/.m2/repository/org/apache/maven/shared/maven-invoker/3.0.1/maven-invoker-3.0.1.jar:/home/navin/.m2/repository/org/apache/maven/shared/maven-plugin-testing-harness/1.1/maven-plugin-testing-harness-1.1.jar:/home/navin/.m2/repository/org/apache/maven/shared/maven-repository-builder/1.0-alpha-2/maven-repository-builder-1.0-alpha-2.jar:/home/navin/.m2/repository/org/apache/maven/shared/maven-script-interpreter/1.1/maven-script-interpreter-1.1.jar:/home/navin/.m2/repository/org/apache/maven/shared/maven-script-interpreter/1.2/maven-script-interpreter-1.2.jar:/home/navin/.m2/repository/org/apache/maven/shared/maven-shared-incremental/1.1/maven-shared-incremental-1.1.jar:/home/navin/.m2/repository/org/apache/maven/shared/maven-shared-io/1.0/maven-shared-io-1.0.jar:/home/navin/.m2/repository/org/apache/maven/shared/maven-shared-io/1.1/maven-shared-io-1.1-sources.jar:/home/navin/.m2/repository/org/apache/maven/shared/maven-shared-io/1.1/maven-shared-io-1.1.jar:/home/navin/.m2/repository/org/apache/maven/shared/maven-shared-io/3.0.0/maven-shared-io-3.0.0.jar:/home/navin/.m2/repository/org/apache/maven/shared/maven-shared-jar/1.2/maven-shared-jar-1.2.jar:/home/navin/.m2/repository/org/apache/maven/shared/maven-shared-utils/0.1/maven-shared-utils-0.1.jar:/home/navin/.m2/repository/org/apache/maven/shared/maven-shared-utils/0.4/maven-shared-utils-0.4.jar:/home/navin/.m2/repository/org/apache/maven/shared/maven-shared-utils/0.6/maven-shared-utils-0.6.jar:/home/navin/.m2/repository/org/apache/maven/shared/maven-shared-utils/0.7/maven-shared-utils-0.7.jar:/home/navin/.m2/repository/org/apache/maven/shared/maven-shared-utils/3.0.0/maven-shared-utils-3.0.0.jar:/home/navin/.m2/repository/org/apache/maven/shared/maven-shared-utils/3.0.1/maven-shared-utils-3.0.1.jar:/home/navin/.m2/repository/org/apache/maven/shared/maven-shared-utils/3.1.0/maven-shared-utils-3.1.0.jar:/home/navin/.m2/repository/org/apache/maven/shared/maven-shared-utils/3.2.0/maven-shared-utils-3.2.0.jar:/home/navin/.m2/repository/org/apache/maven/shared/maven-shared-utils/3.2.1/maven-shared-utils-3.2.1-sources.jar:/home/navin/.m2/repository/org/apache/maven/shared/maven-shared-utils/3.2.1/maven-shared-utils-3.2.1.jar:/home/navin/.m2/repository/org/apache/maven/shared/maven-shared-utils/3.3.3/maven-shared-utils-3.3.3.jar:/home/navin/.m2/repository/org/apache/maven/shared/maven-shared-utils/3.3.4/maven-shared-utils-3.3.4.jar:/home/navin/.m2/repository/org/apache/maven/skins/maven-default-skin/1.2/maven-default-skin-1.2.jar:/home/navin/.m2/repository/org/apache/maven/surefire/common-java5/3.0.0-M5/common-java5-3.0.0-M5.jar:/home/navin/.m2/repository/org/apache/maven/surefire/maven-surefire-common/2.12.2/maven-surefire-common-2.12.2.jar:/home/navin/.m2/repository/org/apache/maven/surefire/maven-surefire-common/2.12.4/maven-surefire-common-2.12.4.jar:/home/navin/.m2/repository/org/apache/maven/surefire/maven-surefire-common/2.16/maven-surefire-common-2.16.jar:/home/navin/.m2/repository/org/apache/maven/surefire/maven-surefire-common/2.19.1/maven-surefire-common-2.19.1.jar:/home/navin/.m2/repository/org/apache/maven/surefire/maven-surefire-common/2.22.1/maven-surefire-common-2.22.1.jar:/home/navin/.m2/repository/org/apache/maven/surefire/maven-surefire-common/2.9/maven-surefire-common-2.9.jar:/home/navin/.m2/repository/org/apache/maven/surefire/maven-surefire-common/3.0.0-M5/maven-surefire-common-3.0.0-M5.jar:/home/navin/.m2/repository/org/apache/maven/surefire/surefire-api/2.12.2/surefire-api-2.12.2.jar:/home/navin/.m2/repository/org/apache/maven/surefire/surefire-api/2.12.4/surefire-api-2.12.4.jar:/home/navin/.m2/repository/org/apache/maven/surefire/surefire-api/2.16/surefire-api-2.16.jar:/home/navin/.m2/repository/org/apache/maven/surefire/surefire-api/2.19.1/surefire-api-2.19.1.jar:/home/navin/.m2/repository/org/apache/maven/surefire/surefire-api/2.22.1/surefire-api-2.22.1.jar:/home/navin/.m2/repository/org/apache/maven/surefire/surefire-api/2.9/surefire-api-2.9.jar:/home/navin/.m2/repository/org/apache/maven/surefire/surefire-api/3.0.0-M5/surefire-api-3.0.0-M5.jar:/home/navin/.m2/repository/org/apache/maven/surefire/surefire-booter/2.12.2/surefire-booter-2.12.2.jar:/home/navin/.m2/repository/org/apache/maven/surefire/surefire-booter/2.12.4/surefire-booter-2.12.4.jar:/home/navin/.m2/repository/org/apache/maven/surefire/surefire-booter/2.16/surefire-booter-2.16.jar:/home/navin/.m2/repository/org/apache/maven/surefire/surefire-booter/2.19.1/surefire-booter-2.19.1.jar:/home/navin/.m2/repository/org/apache/maven/surefire/surefire-booter/2.22.1/surefire-booter-2.22.1.jar:/home/navin/.m2/repository/org/apache/maven/surefire/surefire-booter/2.9/surefire-booter-2.9.jar:/home/navin/.m2/repository/org/apache/maven/surefire/surefire-booter/3.0.0-M5/surefire-booter-3.0.0-M5.jar:/home/navin/.m2/repository/org/apache/maven/surefire/surefire-extensions-api/3.0.0-M5/surefire-extensions-api-3.0.0-M5.jar:/home/navin/.m2/repository/org/apache/maven/surefire/surefire-extensions-spi/3.0.0-M5/surefire-extensions-spi-3.0.0-M5.jar:/home/navin/.m2/repository/org/apache/maven/surefire/surefire-junit-platform/2.22.1/surefire-junit-platform-2.22.1.jar:/home/navin/.m2/repository/org/apache/maven/surefire/surefire-junit-platform/3.0.0-M5/surefire-junit-platform-3.0.0-M5.jar:/home/navin/.m2/repository/org/apache/maven/surefire/surefire-junit3/2.9/surefire-junit3-2.9.jar:/home/navin/.m2/repository/org/apache/maven/surefire/surefire-junit4/2.12.2/surefire-junit4-2.12.2.jar:/home/navin/.m2/repository/org/apache/maven/surefire/surefire-junit4/2.12.4/surefire-junit4-2.12.4.jar:/home/navin/.m2/repository/org/apache/maven/surefire/surefire-junit4/2.16/surefire-junit4-2.16.jar:/home/navin/.m2/repository/org/apache/maven/surefire/surefire-junit4/2.9/surefire-junit4-2.9.jar:/home/navin/.m2/repository/org/apache/maven/surefire/surefire-logger-api/2.22.1/surefire-logger-api-2.22.1.jar:/home/navin/.m2/repository/org/apache/maven/surefire/surefire-logger-api/3.0.0-M5/surefire-logger-api-3.0.0-M5.jar:/home/navin/.m2/repository/org/apache/maven/surefire/surefire-shared-utils/3.0.0-M4/surefire-shared-utils-3.0.0-M4.jar:/home/navin/.m2/repository/org/apache/maven/wagon/wagon-http-lightweight/3.1.0/wagon-http-lightweight-3.1.0.jar:/home/navin/.m2/repository/org/apache/maven/wagon/wagon-http-shared/3.1.0/wagon-http-shared-3.1.0.jar:/home/navin/.m2/repository/org/apache/maven/wagon/wagon-provider-api/1.0-alpha-6/wagon-provider-api-1.0-alpha-6-sources.jar:/home/navin/.m2/repository/org/apache/maven/wagon/wagon-provider-api/1.0-alpha-6/wagon-provider-api-1.0-alpha-6.jar:/home/navin/.m2/repository/org/apache/maven/wagon/wagon-provider-api/1.0-beta-2/wagon-provider-api-1.0-beta-2.jar:/home/navin/.m2/repository/org/apache/maven/wagon/wagon-provider-api/1.0-beta-6/wagon-provider-api-1.0-beta-6.jar:/home/navin/.m2/repository/org/apache/maven/wagon/wagon-provider-api/1.0/wagon-provider-api-1.0.jar:/home/navin/.m2/repository/org/apache/maven/wagon/wagon-provider-api/2.10/wagon-provider-api-2.10.jar:/home/navin/.m2/repository/org/apache/maven/wagon/wagon-provider-api/2.4/wagon-provider-api-2.4.jar:/home/navin/.m2/repository/org/apache/maven/wagon/wagon-provider-api/3.1.0/wagon-provider-api-3.1.0.jar:/home/navin/.m2/repository/org/apache/pdfbox/fontbox/2.0.4/fontbox-2.0.4.jar:/home/navin/.m2/repository/org/apache/pdfbox/pdfbox/2.0.4/pdfbox-2.0.4.jar:/home/navin/.m2/repository/org/apache/struts/struts-core/1.3.8/struts-core-1.3.8.jar:/home/navin/.m2/repository/org/apache/struts/struts-taglib/1.3.8/struts-taglib-1.3.8.jar:/home/navin/.m2/repository/org/apache/struts/struts-tiles/1.3.8/struts-tiles-1.3.8.jar:/home/navin/.m2/repository/org/apache/velocity/velocity-tools/2.0/velocity-tools-2.0.jar:/home/navin/.m2/repository/org/apache/velocity/velocity/1.5/velocity-1.5.jar:/home/navin/.m2/repository/org/apache/velocity/velocity/1.7/velocity-1.7.jar:/home/navin/.m2/repository/org/apache/xbean/xbean-reflect/3.4/xbean-reflect-3.4.jar:/home/navin/.m2/repository/org/apiguardian/apiguardian-api/1.0.0/apiguardian-api-1.0.0.jar:/home/navin/.m2/repository/org/apiguardian/apiguardian-api/1.1.2/apiguardian-api-1.1.2-sources.jar:/home/navin/.m2/repository/org/apiguardian/apiguardian-api/1.1.2/apiguardian-api-1.1.2.jar:/home/navin/.m2/repository/org/beanshell/bsh/2.0b4/bsh-2.0b4.jar:/home/navin/.m2/repository/org/beanshell/bsh/2.0b5/bsh-2.0b5.jar:/home/navin/.m2/repository/org/bouncycastle/bcpg-jdk15on/1.61/bcpg-jdk15on-1.61.jar:/home/navin/.m2/repository/org/bouncycastle/bcpkix-jdk15on/1.61/bcpkix-jdk15on-1.61.jar:/home/navin/.m2/repository/org/bouncycastle/bcprov-jdk15on/1.61/bcprov-jdk15on-1.61.jar:/home/navin/.m2/repository/org/codehaus/gmavenplus/gmavenplus-plugin/1.11.0/gmavenplus-plugin-1.11.0.jar:/home/navin/.m2/repository/org/codehaus/gmavenplus/gmavenplus-plugin/1.13.0/gmavenplus-plugin-1.13.0.jar:/home/navin/.m2/repository/org/codehaus/groovy/groovy-all/2.0.1/groovy-all-2.0.1.jar:/home/navin/.m2/repository/org/codehaus/groovy/groovy-all/2.4.16/groovy-all-2.4.16.jar:/home/navin/.m2/repository/org/codehaus/groovy/groovy-all/2.4.5/groovy-all-2.4.5.jar:/home/navin/.m2/repository/org/codehaus/groovy/groovy-xml/2.4.7/groovy-xml-2.4.7.jar:/home/navin/.m2/repository/org/codehaus/groovy/groovy/2.0.1/groovy-2.0.1.jar:/home/navin/.m2/repository/org/codehaus/groovy/groovy/2.4.7/groovy-2.4.7.jar:/home/navin/.m2/repository/org/codehaus/groovy/groovy/3.0.7/groovy-3.0.7-sources.jar:/home/navin/.m2/repository/org/codehaus/groovy/groovy/3.0.7/groovy-3.0.7.jar:/home/navin/.m2/repository/org/codehaus/groovy/groovy/3.0.8/groovy-3.0.8.jar:/home/navin/.m2/repository/org/codehaus/mojo/build-helper-maven-plugin/1.5/build-helper-maven-plugin-1.5.jar:/home/navin/.m2/repository/org/codehaus/mojo/buildnumber-maven-plugin/1.2/buildnumber-maven-plugin-1.2.jar:/home/navin/.m2/repository/org/codehaus/mojo/exec-maven-plugin/1.5.0/exec-maven-plugin-1.5.0.jar:/home/navin/.m2/repository/org/codehaus/mojo/xml-maven-plugin/1.0/xml-maven-plugin-1.0.jar:/home/navin/.m2/repository/org/codehaus/plexus/plexus-archiver/1.0-alpha-12/plexus-archiver-1.0-alpha-12.jar:/home/navin/.m2/repository/org/codehaus/plexus/plexus-archiver/1.0-alpha-7/plexus-archiver-1.0-alpha-7.jar:/home/navin/.m2/repository/org/codehaus/plexus/plexus-archiver/1.0/plexus-archiver-1.0.jar:/home/navin/.m2/repository/org/codehaus/plexus/plexus-archiver/1.1/plexus-archiver-1.1.jar:/home/navin/.m2/repository/org/codehaus/plexus/plexus-archiver/2.1/plexus-archiver-2.1.jar:/home/navin/.m2/repository/org/codehaus/plexus/plexus-archiver/2.8.1/plexus-archiver-2.8.1.jar:/home/navin/.m2/repository/org/codehaus/plexus/plexus-archiver/3.4/plexus-archiver-3.4.jar:/home/navin/.m2/repository/org/codehaus/plexus/plexus-archiver/3.6.0/plexus-archiver-3.6.0.jar:/home/navin/.m2/repository/org/codehaus/plexus/plexus-archiver/4.2.1/plexus-archiver-4.2.1.jar:/home/navin/.m2/repository/org/codehaus/plexus/plexus-archiver/4.2.2/plexus-archiver-4.2.2.jar:/home/navin/.m2/repository/org/codehaus/plexus/plexus-bsh-factory/1.0-alpha-7/plexus-bsh-factory-1.0-alpha-7.jar:/home/navin/.m2/repository/org/codehaus/plexus/plexus-classworlds/2.2.2/plexus-classworlds-2.2.2.jar:/home/navin/.m2/repository/org/codehaus/plexus/plexus-classworlds/2.2.3/plexus-classworlds-2.2.3-sources.jar:/home/navin/.m2/repository/org/codehaus/plexus/plexus-classworlds/2.2.3/plexus-classworlds-2.2.3.jar:/home/navin/.m2/repository/org/codehaus/plexus/plexus-classworlds/2.4/plexus-classworlds-2.4.jar:/home/navin/.m2/repository/org/codehaus/plexus/plexus-classworlds/2.5.2/plexus-classworlds-2.5.2.jar:/home/navin/.m2/repository/org/codehaus/plexus/plexus-classworlds/2.6.0/plexus-classworlds-2.6.0-sources.jar:/home/navin/.m2/repository/org/codehaus/plexus/plexus-classworlds/2.6.0/plexus-classworlds-2.6.0.jar:/home/navin/.m2/repository/org/codehaus/plexus/plexus-compiler-api/2.2/plexus-compiler-api-2.2.jar:/home/navin/.m2/repository/org/codehaus/plexus/plexus-compiler-api/2.7/plexus-compiler-api-2.7.jar:/home/navin/.m2/repository/org/codehaus/plexus/plexus-compiler-api/2.8.1/plexus-compiler-api-2.8.1.jar:/home/navin/.m2/repository/org/codehaus/plexus/plexus-compiler-api/2.8.2/plexus-compiler-api-2.8.2.jar:/home/navin/.m2/repository/org/codehaus/plexus/plexus-compiler-api/2.8.4/plexus-compiler-api-2.8.4.jar:/home/navin/.m2/repository/org/codehaus/plexus/plexus-compiler-javac/2.2/plexus-compiler-javac-2.2.jar:/home/navin/.m2/repository/org/codehaus/plexus/plexus-compiler-javac/2.7/plexus-compiler-javac-2.7.jar:/home/navin/.m2/repository/org/codehaus/plexus/plexus-compiler-javac/2.8.2/plexus-compiler-javac-2.8.2.jar:/home/navin/.m2/repository/org/codehaus/plexus/plexus-compiler-javac/2.8.4/plexus-compiler-javac-2.8.4.jar:/home/navin/.m2/repository/org/codehaus/plexus/plexus-compiler-manager/2.2/plexus-compiler-manager-2.2.jar:/home/navin/.m2/repository/org/codehaus/plexus/plexus-compiler-manager/2.7/plexus-compiler-manager-2.7.jar:/home/navin/.m2/repository/org/codehaus/plexus/plexus-compiler-manager/2.8.2/plexus-compiler-manager-2.8.2.jar:/home/navin/.m2/repository/org/codehaus/plexus/plexus-compiler-manager/2.8.4/plexus-compiler-manager-2.8.4.jar:/home/navin/.m2/repository/org/codehaus/plexus/plexus-component-annotations/1.5.5/plexus-component-annotations-1.5.5-sources.jar:/home/navin/.m2/repository/org/codehaus/plexus/plexus-component-annotations/1.5.5/plexus-component-annotations-1.5.5.jar:/home/navin/.m2/repository/org/codehaus/plexus/plexus-component-annotations/1.6/plexus-component-annotations-1.6.jar:/home/navin/.m2/repository/org/codehaus/plexus/plexus-component-annotations/1.7.1/plexus-component-annotations-1.7.1.jar:/home/navin/.m2/repository/org/codehaus/plexus/plexus-component-annotations/2.0.0/plexus-component-annotations-2.0.0.jar:/home/navin/.m2/repository/org/codehaus/plexus/plexus-container-default/1.0-alpha-30/plexus-container-default-1.0-alpha-30.jar:/home/navin/.m2/repository/org/codehaus/plexus/plexus-container-default/1.0-alpha-8/plexus-container-default-1.0-alpha-8.jar:/home/navin/.m2/repository/org/codehaus/plexus/plexus-container-default/1.0-alpha-9-stable-1/plexus-container-default-1.0-alpha-9-stable-1.jar:/home/navin/.m2/repository/org/codehaus/plexus/plexus-container-default/1.0-alpha-9/plexus-container-default-1.0-alpha-9-sources.jar:/home/navin/.m2/repository/org/codehaus/plexus/plexus-container-default/1.0-alpha-9/plexus-container-default-1.0-alpha-9.jar:/home/navin/.m2/repository/org/codehaus/plexus/plexus-container-default/1.0-beta-3.0.5/plexus-container-default-1.0-beta-3.0.5.jar:/home/navin/.m2/repository/org/codehaus/plexus/plexus-container-default/1.5.5/plexus-container-default-1.5.5.jar:/home/navin/.m2/repository/org/codehaus/plexus/plexus-digest/1.0/plexus-digest-1.0.jar:/home/navin/.m2/repository/org/codehaus/plexus/plexus-i18n/1.0-beta-10/plexus-i18n-1.0-beta-10.jar:/home/navin/.m2/repository/org/codehaus/plexus/plexus-i18n/1.0-beta-7/plexus-i18n-1.0-beta-7.jar:/home/navin/.m2/repository/org/codehaus/plexus/plexus-interactivity-api/1.0-alpha-4/plexus-interactivity-api-1.0-alpha-4.jar:/home/navin/.m2/repository/org/codehaus/plexus/plexus-interactivity-api/1.0-alpha-6/plexus-interactivity-api-1.0-alpha-6.jar:/home/navin/.m2/repository/org/codehaus/plexus/plexus-interactivity-api/1.1/plexus-interactivity-api-1.1.jar:/home/navin/.m2/repository/org/codehaus/plexus/plexus-interpolation/1.1/plexus-interpolation-1.1.jar:/home/navin/.m2/repository/org/codehaus/plexus/plexus-interpolation/1.11/plexus-interpolation-1.11.jar:/home/navin/.m2/repository/org/codehaus/plexus/plexus-interpolation/1.13/plexus-interpolation-1.13.jar:/home/navin/.m2/repository/org/codehaus/plexus/plexus-interpolation/1.14/plexus-interpolation-1.14-sources.jar:/home/navin/.m2/repository/org/codehaus/plexus/plexus-interpolation/1.14/plexus-interpolation-1.14.jar:/home/navin/.m2/repository/org/codehaus/plexus/plexus-interpolation/1.15/plexus-interpolation-1.15.jar:/home/navin/.m2/repository/org/codehaus/plexus/plexus-interpolation/1.21/plexus-interpolation-1.21.jar:/home/navin/.m2/repository/org/codehaus/plexus/plexus-interpolation/1.24/plexus-interpolation-1.24.jar:/home/navin/.m2/repository/org/codehaus/plexus/plexus-interpolation/1.25/plexus-interpolation-1.25.jar:/home/navin/.m2/repository/org/codehaus/plexus/plexus-interpolation/1.26/plexus-interpolation-1.26.jar:/home/navin/.m2/repository/org/codehaus/plexus/plexus-io/1.0-alpha-5/plexus-io-1.0-alpha-5.jar:/home/navin/.m2/repository/org/codehaus/plexus/plexus-io/1.0.1/plexus-io-1.0.1.jar:/home/navin/.m2/repository/org/codehaus/plexus/plexus-io/1.0/plexus-io-1.0.jar:/home/navin/.m2/repository/org/codehaus/plexus/plexus-io/2.0.2/plexus-io-2.0.2.jar:/home/navin/.m2/repository/org/codehaus/plexus/plexus-io/2.3.2/plexus-io-2.3.2.jar:/home/navin/.m2/repository/org/codehaus/plexus/plexus-io/2.7.1/plexus-io-2.7.1.jar:/home/navin/.m2/repository/org/codehaus/plexus/plexus-io/3.0.1/plexus-io-3.0.1.jar:/home/navin/.m2/repository/org/codehaus/plexus/plexus-io/3.2.0/plexus-io-3.2.0.jar:/home/navin/.m2/repository/org/codehaus/plexus/plexus-java/0.9.10/plexus-java-0.9.10.jar:/home/navin/.m2/repository/org/codehaus/plexus/plexus-java/0.9.2/plexus-java-0.9.2.jar:/home/navin/.m2/repository/org/codehaus/plexus/plexus-java/0.9.8/plexus-java-0.9.8.jar:/home/navin/.m2/repository/org/codehaus/plexus/plexus-java/1.0.5/plexus-java-1.0.5.jar:/home/navin/.m2/repository/org/codehaus/plexus/plexus-resources/1.0-alpha-7/plexus-resources-1.0-alpha-7.jar:/home/navin/.m2/repository/org/codehaus/plexus/plexus-resources/1.0.1/plexus-resources-1.0.1.jar:/home/navin/.m2/repository/org/codehaus/plexus/plexus-resources/1.1.0/plexus-resources-1.1.0.jar:/home/navin/.m2/repository/org/codehaus/plexus/plexus-utils/1.1/plexus-utils-1.1.jar:/home/navin/.m2/repository/org/codehaus/plexus/plexus-utils/1.2/plexus-utils-1.2.jar:/home/navin/.m2/repository/org/codehaus/plexus/plexus-utils/1.4.7/plexus-utils-1.4.7.jar:/home/navin/.m2/repository/org/codehaus/plexus/plexus-utils/1.5.1/plexus-utils-1.5.1.jar:/home/navin/.m2/repository/org/codehaus/plexus/plexus-utils/1.5.15/plexus-utils-1.5.15.jar:/home/navin/.m2/repository/org/codehaus/plexus/plexus-utils/1.5.6/plexus-utils-1.5.6.jar:/home/navin/.m2/repository/org/codehaus/plexus/plexus-utils/1.5.8/plexus-utils-1.5.8.jar:/home/navin/.m2/repository/org/codehaus/plexus/plexus-utils/2.0.4/plexus-utils-2.0.4.jar:/home/navin/.m2/repository/org/codehaus/plexus/plexus-utils/2.0.5/plexus-utils-2.0.5.jar:/home/navin/.m2/repository/org/codehaus/plexus/plexus-utils/2.0.6/plexus-utils-2.0.6.jar:/home/navin/.m2/repository/org/codehaus/plexus/plexus-utils/2.1/plexus-utils-2.1.jar:/home/navin/.m2/repository/org/codehaus/plexus/plexus-utils/3.0.10/plexus-utils-3.0.10.jar:/home/navin/.m2/repository/org/codehaus/plexus/plexus-utils/3.0.15/plexus-utils-3.0.15.jar:/home/navin/.m2/repository/org/codehaus/plexus/plexus-utils/3.0.18/plexus-utils-3.0.18.jar:/home/navin/.m2/repository/org/codehaus/plexus/plexus-utils/3.0.20/plexus-utils-3.0.20.jar:/home/navin/.m2/repository/org/codehaus/plexus/plexus-utils/3.0.21/plexus-utils-3.0.21.jar:/home/navin/.m2/repository/org/codehaus/plexus/plexus-utils/3.0.22/plexus-utils-3.0.22-sources.jar:/home/navin/.m2/repository/org/codehaus/plexus/plexus-utils/3.0.22/plexus-utils-3.0.22.jar:/home/navin/.m2/repository/org/codehaus/plexus/plexus-utils/3.0.24/plexus-utils-3.0.24.jar:/home/navin/.m2/repository/org/codehaus/plexus/plexus-utils/3.0.4/plexus-utils-3.0.4.jar:/home/navin/.m2/repository/org/codehaus/plexus/plexus-utils/3.0.5/plexus-utils-3.0.5.jar:/home/navin/.m2/repository/org/codehaus/plexus/plexus-utils/3.0.8/plexus-utils-3.0.8.jar:/home/navin/.m2/repository/org/codehaus/plexus/plexus-utils/3.0/plexus-utils-3.0.jar:/home/navin/.m2/repository/org/codehaus/plexus/plexus-utils/3.1.0/plexus-utils-3.1.0.jar:/home/navin/.m2/repository/org/codehaus/plexus/plexus-utils/3.2.0/plexus-utils-3.2.0.jar:/home/navin/.m2/repository/org/codehaus/plexus/plexus-utils/3.3.0/plexus-utils-3.3.0.jar:/home/navin/.m2/repository/org/codehaus/plexus/plexus-velocity/1.1.7/plexus-velocity-1.1.7.jar:/home/navin/.m2/repository/org/codehaus/plexus/plexus-velocity/1.1.8/plexus-velocity-1.1.8.jar:/home/navin/.m2/repository/org/codehaus/plexus/plexus-velocity/1.2/plexus-velocity-1.2.jar:/home/navin/.m2/repository/org/codehaus/woodstox/wstx-asl/3.2.6/wstx-asl-3.2.6.jar:/home/navin/.m2/repository/org/easymock/easymock/2.4/easymock-2.4.jar:/home/navin/.m2/repository/org/easymock/easymock/3.4/easymock-3.4.jar:/home/navin/.m2/repository/org/eclipse/aether/aether-api/1.0.2.v20150114/aether-api-1.0.2.v20150114.jar:/home/navin/.m2/repository/org/eclipse/aether/aether-impl/1.0.2.v20150114/aether-impl-1.0.2.v20150114.jar:/home/navin/.m2/repository/org/eclipse/aether/aether-spi/1.0.2.v20150114/aether-spi-1.0.2.v20150114.jar:/home/navin/.m2/repository/org/eclipse/aether/aether-util/0.9.0.M2/aether-util-0.9.0.M2.jar:/home/navin/.m2/repository/org/eclipse/aether/aether-util/1.0.2.v20150114/aether-util-1.0.2.v20150114.jar:/home/navin/.m2/repository/org/eclipse/jdt/org.eclipse.jdt.core/3.18.0/org.eclipse.jdt.core-3.18.0.jar:/home/navin/.m2/repository/org/eclipse/jgit/org.eclipse.jgit/5.5.0.201909110433-r/org.eclipse.jgit-5.5.0.201909110433-r.jar:/home/navin/.m2/repository/org/eclipse/platform/org.eclipse.core.commands/3.9.400/org.eclipse.core.commands-3.9.400.jar:/home/navin/.m2/repository/org/eclipse/platform/org.eclipse.core.contenttype/3.7.300/org.eclipse.core.contenttype-3.7.300.jar:/home/navin/.m2/repository/org/eclipse/platform/org.eclipse.core.jobs/3.10.400/org.eclipse.core.jobs-3.10.400.jar:/home/navin/.m2/repository/org/eclipse/platform/org.eclipse.core.resources/3.13.400/org.eclipse.core.resources-3.13.400.jar:/home/navin/.m2/repository/org/eclipse/platform/org.eclipse.core.runtime/3.15.300/org.eclipse.core.runtime-3.15.300.jar:/home/navin/.m2/repository/org/eclipse/platform/org.eclipse.equinox.app/1.4.200/org.eclipse.equinox.app-1.4.200.jar:/home/navin/.m2/repository/org/eclipse/platform/org.eclipse.equinox.common/3.10.400/org.eclipse.equinox.common-3.10.400.jar:/home/navin/.m2/repository/org/eclipse/platform/org.eclipse.equinox.preferences/3.7.400/org.eclipse.equinox.preferences-3.7.400.jar:/home/navin/.m2/repository/org/eclipse/platform/org.eclipse.equinox.registry/3.8.400/org.eclipse.equinox.registry-3.8.400.jar:/home/navin/.m2/repository/org/eclipse/platform/org.eclipse.osgi/3.14.0/org.eclipse.osgi-3.14.0.jar:/home/navin/.m2/repository/org/eclipse/platform/org.eclipse.text/3.8.200/org.eclipse.text-3.8.200.jar:/home/navin/.m2/repository/org/eclipse/sisu/org.eclipse.sisu.inject/0.3.2/org.eclipse.sisu.inject-0.3.2.jar:/home/navin/.m2/repository/org/eclipse/sisu/org.eclipse.sisu.plexus/0.3.2/org.eclipse.sisu.plexus-0.3.2.jar:/home/navin/.m2/repository/org/fusesource/jansi/jansi/1.12/jansi-1.12.jar:/home/navin/.m2/repository/org/fusesource/jansi/jansi/1.17.1/jansi-1.17.1.jar:/home/navin/.m2/repository/org/fusesource/jansi/jansi/2.1.0/jansi-2.1.0.jar:/home/navin/.m2/repository/org/hamcrest/hamcrest-core/1.1/hamcrest-core-1.1.jar:/home/navin/.m2/repository/org/hamcrest/hamcrest-core/1.3/hamcrest-core-1.3-sources.jar:/home/navin/.m2/repository/org/hamcrest/hamcrest-core/1.3/hamcrest-core-1.3.jar:/home/navin/.m2/repository/org/iq80/snappy/snappy/0.4/snappy-0.4.jar:/home/navin/.m2/repository/org/jacoco/jacoco-maven-plugin/0.7.5.201505241946/jacoco-maven-plugin-0.7.5.201505241946.jar:/home/navin/.m2/repository/org/jacoco/jacoco-maven-plugin/0.8.6/jacoco-maven-plugin-0.8.6.jar:/home/navin/.m2/repository/org/jacoco/jacoco-maven-plugin/0.8.7/jacoco-maven-plugin-0.8.7.jar:/home/navin/.m2/repository/org/jacoco/jacoco-maven-plugin/0.8.8-SNAPSHOT/jacoco-maven-plugin-0.8.8-SNAPSHOT-javadoc.jar:/home/navin/.m2/repository/org/jacoco/jacoco-maven-plugin/0.8.8-SNAPSHOT/jacoco-maven-plugin-0.8.8-SNAPSHOT-sources.jar:/home/navin/.m2/repository/org/jacoco/jacoco-maven-plugin/0.8.8-SNAPSHOT/jacoco-maven-plugin-0.8.8-SNAPSHOT.jar:/home/navin/.m2/repository/org/jacoco/org.jacoco.agent.rt.test/0.8.8-SNAPSHOT/org.jacoco.agent.rt.test-0.8.8-SNAPSHOT-sources.jar:/home/navin/.m2/repository/org/jacoco/org.jacoco.agent.rt.test/0.8.8-SNAPSHOT/org.jacoco.agent.rt.test-0.8.8-SNAPSHOT.jar:/home/navin/.m2/repository/org/jacoco/org.jacoco.agent.rt/0.8.8-SNAPSHOT/org.jacoco.agent.rt-0.8.8-SNAPSHOT-all.jar:/home/navin/.m2/repository/org/jacoco/org.jacoco.agent.rt/0.8.8-SNAPSHOT/org.jacoco.agent.rt-0.8.8-SNAPSHOT-sources.jar:/home/navin/.m2/repository/org/jacoco/org.jacoco.agent.rt/0.8.8-SNAPSHOT/org.jacoco.agent.rt-0.8.8-SNAPSHOT.jar:/home/navin/.m2/repository/org/jacoco/org.jacoco.agent.test/0.8.8-SNAPSHOT/org.jacoco.agent.test-0.8.8-SNAPSHOT-sources.jar:/home/navin/.m2/repository/org/jacoco/org.jacoco.agent.test/0.8.8-SNAPSHOT/org.jacoco.agent.test-0.8.8-SNAPSHOT.jar:/home/navin/.m2/repository/org/jacoco/org.jacoco.agent/0.8.6/org.jacoco.agent-0.8.6-runtime.jar:/home/navin/.m2/repository/org/jacoco/org.jacoco.agent/0.8.7/org.jacoco.agent-0.8.7-runtime.jar:/home/navin/.m2/repository/org/jacoco/org.jacoco.agent/0.8.7/org.jacoco.agent-0.8.7-sources.jar:/home/navin/.m2/repository/org/jacoco/org.jacoco.agent/0.8.7/org.jacoco.agent-0.8.7.jar:/home/navin/.m2/repository/org/jacoco/org.jacoco.agent/0.8.8-SNAPSHOT/org.jacoco.agent-0.8.8-SNAPSHOT-javadoc.jar:/home/navin/.m2/repository/org/jacoco/org.jacoco.agent/0.8.8-SNAPSHOT/org.jacoco.agent-0.8.8-SNAPSHOT-runtime.jar:/home/navin/.m2/repository/org/jacoco/org.jacoco.agent/0.8.8-SNAPSHOT/org.jacoco.agent-0.8.8-SNAPSHOT-sources.jar:/home/navin/.m2/repository/org/jacoco/org.jacoco.agent/0.8.8-SNAPSHOT/org.jacoco.agent-0.8.8-SNAPSHOT.jar:/home/navin/.m2/repository/org/jacoco/org.jacoco.ant.test/0.8.8-SNAPSHOT/org.jacoco.ant.test-0.8.8-SNAPSHOT-sources.jar:/home/navin/.m2/repository/org/jacoco/org.jacoco.ant.test/0.8.8-SNAPSHOT/org.jacoco.ant.test-0.8.8-SNAPSHOT.jar:/home/navin/.m2/repository/org/jacoco/org.jacoco.ant/0.8.7/org.jacoco.ant-0.8.7-nodeps.jar:/home/navin/.m2/repository/org/jacoco/org.jacoco.ant/0.8.7/org.jacoco.ant-0.8.7-sources.jar:/home/navin/.m2/repository/org/jacoco/org.jacoco.ant/0.8.7/org.jacoco.ant-0.8.7.jar:/home/navin/.m2/repository/org/jacoco/org.jacoco.ant/0.8.8-SNAPSHOT/org.jacoco.ant-0.8.8-SNAPSHOT-javadoc.jar:/home/navin/.m2/repository/org/jacoco/org.jacoco.ant/0.8.8-SNAPSHOT/org.jacoco.ant-0.8.8-SNAPSHOT-nodeps.jar:/home/navin/.m2/repository/org/jacoco/org.jacoco.ant/0.8.8-SNAPSHOT/org.jacoco.ant-0.8.8-SNAPSHOT-sources.jar:/home/navin/.m2/repository/org/jacoco/org.jacoco.ant/0.8.8-SNAPSHOT/org.jacoco.ant-0.8.8-SNAPSHOT.jar:/home/navin/.m2/repository/org/jacoco/org.jacoco.cli.test/0.8.8-SNAPSHOT/org.jacoco.cli.test-0.8.8-SNAPSHOT-sources.jar:/home/navin/.m2/repository/org/jacoco/org.jacoco.cli.test/0.8.8-SNAPSHOT/org.jacoco.cli.test-0.8.8-SNAPSHOT.jar:/home/navin/.m2/repository/org/jacoco/org.jacoco.cli/0.8.7/org.jacoco.cli-0.8.7-nodeps.jar:/home/navin/.m2/repository/org/jacoco/org.jacoco.cli/0.8.7/org.jacoco.cli-0.8.7-sources.jar:/home/navin/.m2/repository/org/jacoco/org.jacoco.cli/0.8.7/org.jacoco.cli-0.8.7.jar:/home/navin/.m2/repository/org/jacoco/org.jacoco.cli/0.8.8-SNAPSHOT/org.jacoco.cli-0.8.8-SNAPSHOT-javadoc.jar:/home/navin/.m2/repository/org/jacoco/org.jacoco.cli/0.8.8-SNAPSHOT/org.jacoco.cli-0.8.8-SNAPSHOT-nodeps.jar:/home/navin/.m2/repository/org/jacoco/org.jacoco.cli/0.8.8-SNAPSHOT/org.jacoco.cli-0.8.8-SNAPSHOT-sources.jar:/home/navin/.m2/repository/org/jacoco/org.jacoco.cli/0.8.8-SNAPSHOT/org.jacoco.cli-0.8.8-SNAPSHOT.jar:/home/navin/.m2/repository/org/jacoco/org.jacoco.core.test.validation.groovy/0.8.8-SNAPSHOT/org.jacoco.core.test.validation.groovy-0.8.8-SNAPSHOT-sources.jar:/home/navin/.m2/repository/org/jacoco/org.jacoco.core.test.validation.groovy/0.8.8-SNAPSHOT/org.jacoco.core.test.validation.groovy-0.8.8-SNAPSHOT.jar:/home/navin/.m2/repository/org/jacoco/org.jacoco.core.test.validation.java5/0.8.8-SNAPSHOT/org.jacoco.core.test.validation.java5-0.8.8-SNAPSHOT-sources.jar:/home/navin/.m2/repository/org/jacoco/org.jacoco.core.test.validation.java5/0.8.8-SNAPSHOT/org.jacoco.core.test.validation.java5-0.8.8-SNAPSHOT.jar:/home/navin/.m2/repository/org/jacoco/org.jacoco.core.test.validation.java7/0.8.8-SNAPSHOT/org.jacoco.core.test.validation.java7-0.8.8-SNAPSHOT-sources.jar:/home/navin/.m2/repository/org/jacoco/org.jacoco.core.test.validation.java7/0.8.8-SNAPSHOT/org.jacoco.core.test.validation.java7-0.8.8-SNAPSHOT.jar:/home/navin/.m2/repository/org/jacoco/org.jacoco.core.test.validation.java8/0.8.8-SNAPSHOT/org.jacoco.core.test.validation.java8-0.8.8-SNAPSHOT-sources.jar:/home/navin/.m2/repository/org/jacoco/org.jacoco.core.test.validation.java8/0.8.8-SNAPSHOT/org.jacoco.core.test.validation.java8-0.8.8-SNAPSHOT.jar:/home/navin/.m2/repository/org/jacoco/org.jacoco.core.test.validation.kotlin/0.8.8-SNAPSHOT/org.jacoco.core.test.validation.kotlin-0.8.8-SNAPSHOT-sources.jar:/home/navin/.m2/repository/org/jacoco/org.jacoco.core.test.validation.kotlin/0.8.8-SNAPSHOT/org.jacoco.core.test.validation.kotlin-0.8.8-SNAPSHOT.jar:/home/navin/.m2/repository/org/jacoco/org.jacoco.core.test.validation.scala/0.8.8-SNAPSHOT/org.jacoco.core.test.validation.scala-0.8.8-SNAPSHOT-sources.jar:/home/navin/.m2/repository/org/jacoco/org.jacoco.core.test.validation.scala/0.8.8-SNAPSHOT/org.jacoco.core.test.validation.scala-0.8.8-SNAPSHOT.jar:/home/navin/.m2/repository/org/jacoco/org.jacoco.core.test/0.8.8-SNAPSHOT/org.jacoco.core.test-0.8.8-SNAPSHOT-sources.jar:/home/navin/.m2/repository/org/jacoco/org.jacoco.core.test/0.8.8-SNAPSHOT/org.jacoco.core.test-0.8.8-SNAPSHOT.jar:/home/navin/.m2/repository/org/jacoco/org.jacoco.core/0.8.6/org.jacoco.core-0.8.6.jar:/home/navin/.m2/repository/org/jacoco/org.jacoco.core/0.8.7/org.jacoco.core-0.8.7-sources.jar:/home/navin/.m2/repository/org/jacoco/org.jacoco.core/0.8.7/org.jacoco.core-0.8.7.jar:/home/navin/.m2/repository/org/jacoco/org.jacoco.core/0.8.8-SNAPSHOT/org.jacoco.core-0.8.8-SNAPSHOT-javadoc.jar:/home/navin/.m2/repository/org/jacoco/org.jacoco.core/0.8.8-SNAPSHOT/org.jacoco.core-0.8.8-SNAPSHOT-sources.jar:/home/navin/.m2/repository/org/jacoco/org.jacoco.core/0.8.8-SNAPSHOT/org.jacoco.core-0.8.8-SNAPSHOT.jar:/home/navin/.m2/repository/org/jacoco/org.jacoco.examples.test/0.8.8-SNAPSHOT/org.jacoco.examples.test-0.8.8-SNAPSHOT.jar:/home/navin/.m2/repository/org/jacoco/org.jacoco.examples/0.8.8-SNAPSHOT/org.jacoco.examples-0.8.8-SNAPSHOT-javadoc.jar:/home/navin/.m2/repository/org/jacoco/org.jacoco.examples/0.8.8-SNAPSHOT/org.jacoco.examples-0.8.8-SNAPSHOT-sources.jar:/home/navin/.m2/repository/org/jacoco/org.jacoco.examples/0.8.8-SNAPSHOT/org.jacoco.examples-0.8.8-SNAPSHOT.jar:/home/navin/.m2/repository/org/jacoco/org.jacoco.report.test/0.8.8-SNAPSHOT/org.jacoco.report.test-0.8.8-SNAPSHOT-sources.jar:/home/navin/.m2/repository/org/jacoco/org.jacoco.report.test/0.8.8-SNAPSHOT/org.jacoco.report.test-0.8.8-SNAPSHOT.jar:/home/navin/.m2/repository/org/jacoco/org.jacoco.report/0.8.6/org.jacoco.report-0.8.6.jar:/home/navin/.m2/repository/org/jacoco/org.jacoco.report/0.8.7/org.jacoco.report-0.8.7-sources.jar:/home/navin/.m2/repository/org/jacoco/org.jacoco.report/0.8.7/org.jacoco.report-0.8.7.jar:/home/navin/.m2/repository/org/jacoco/org.jacoco.report/0.8.8-SNAPSHOT/org.jacoco.report-0.8.8-SNAPSHOT-javadoc.jar:/home/navin/.m2/repository/org/jacoco/org.jacoco.report/0.8.8-SNAPSHOT/org.jacoco.report-0.8.8-SNAPSHOT-sources.jar:/home/navin/.m2/repository/org/jacoco/org.jacoco.report/0.8.8-SNAPSHOT/org.jacoco.report-0.8.8-SNAPSHOT.jar:/home/navin/.m2/repository/org/jdom/jdom/1.1/jdom-1.1.jar:/home/navin/.m2/repository/org/jdom/jdom2/2.0.6/jdom2-2.0.6.jar:/home/navin/.m2/repository/org/jetbrains/annotations/13.0/annotations-13.0-sources.jar:/home/navin/.m2/repository/org/jetbrains/annotations/13.0/annotations-13.0.jar:/home/navin/.m2/repository/org/jetbrains/intellij/deps/trove4j/1.0.20181211/trove4j-1.0.20181211.jar:/home/navin/.m2/repository/org/jetbrains/kotlin/kotlin-compiler/1.5.0/kotlin-compiler-1.5.0.jar:/home/navin/.m2/repository/org/jetbrains/kotlin/kotlin-maven-plugin/1.5.0/kotlin-maven-plugin-1.5.0.jar:/home/navin/.m2/repository/org/jetbrains/kotlin/kotlin-reflect/1.5.0/kotlin-reflect-1.5.0.jar:/home/navin/.m2/repository/org/jetbrains/kotlin/kotlin-script-runtime/1.5.0/kotlin-script-runtime-1.5.0.jar:/home/navin/.m2/repository/org/jetbrains/kotlin/kotlin-scripting-common/1.5.0/kotlin-scripting-common-1.5.0.jar:/home/navin/.m2/repository/org/jetbrains/kotlin/kotlin-scripting-compiler-impl/1.5.0/kotlin-scripting-compiler-impl-1.5.0.jar:/home/navin/.m2/repository/org/jetbrains/kotlin/kotlin-scripting-compiler/1.5.0/kotlin-scripting-compiler-1.5.0.jar:/home/navin/.m2/repository/org/jetbrains/kotlin/kotlin-scripting-js/1.5.0/kotlin-scripting-js-1.5.0.jar:/home/navin/.m2/repository/org/jetbrains/kotlin/kotlin-scripting-jvm/1.5.0/kotlin-scripting-jvm-1.5.0.jar:/home/navin/.m2/repository/org/jetbrains/kotlin/kotlin-stdlib-common/1.5.0/kotlin-stdlib-common-1.5.0-sources.jar:/home/navin/.m2/repository/org/jetbrains/kotlin/kotlin-stdlib-common/1.5.0/kotlin-stdlib-common-1.5.0.jar:/home/navin/.m2/repository/org/jetbrains/kotlin/kotlin-stdlib/1.5.0/kotlin-stdlib-1.5.0-sources.jar:/home/navin/.m2/repository/org/jetbrains/kotlin/kotlin-stdlib/1.5.0/kotlin-stdlib-1.5.0.jar:/home/navin/.m2/repository/org/jetbrains/kotlin/kotlin-util-io/1.5.0/kotlin-util-io-1.5.0.jar:/home/navin/.m2/repository/org/jetbrains/kotlin/kotlin-util-klib/1.5.0/kotlin-util-klib-1.5.0.jar:/home/navin/.m2/repository/org/jetbrains/kotlinx/kotlinx-coroutines-core-common/1.0.1/kotlinx-coroutines-core-common-1.0.1-sources.jar:/home/navin/.m2/repository/org/jetbrains/kotlinx/kotlinx-coroutines-core-common/1.0.1/kotlinx-coroutines-core-common-1.0.1.jar:/home/navin/.m2/repository/org/jetbrains/kotlinx/kotlinx-coroutines-core/1.0.1/kotlinx-coroutines-core-1.0.1-sources.jar:/home/navin/.m2/repository/org/jetbrains/kotlinx/kotlinx-coroutines-core/1.0.1/kotlinx-coroutines-core-1.0.1.jar:/home/navin/.m2/repository/org/jetbrains/kotlinx/kotlinx-coroutines-core/1.3.8/kotlinx-coroutines-core-1.3.8.jar:/home/navin/.m2/repository/org/jline/jline/3.16.0/jline-3.16.0.jar:/home/navin/.m2/repository/org/jsoup/jsoup/1.10.2/jsoup-1.10.2.jar:/home/navin/.m2/repository/org/jsoup/jsoup/1.11.2/jsoup-1.11.2.jar:/home/navin/.m2/repository/org/junit/jupiter/junit-jupiter-api/5.8.2/junit-jupiter-api-5.8.2-sources.jar:/home/navin/.m2/repository/org/junit/jupiter/junit-jupiter-api/5.8.2/junit-jupiter-api-5.8.2.jar:/home/navin/.m2/repository/org/junit/jupiter/junit-jupiter-engine/5.8.2/junit-jupiter-engine-5.8.2-sources.jar:/home/navin/.m2/repository/org/junit/jupiter/junit-jupiter-engine/5.8.2/junit-jupiter-engine-5.8.2.jar:/home/navin/.m2/repository/org/junit/jupiter/junit-jupiter-params/5.8.2/junit-jupiter-params-5.8.2-sources.jar:/home/navin/.m2/repository/org/junit/jupiter/junit-jupiter-params/5.8.2/junit-jupiter-params-5.8.2.jar:/home/navin/.m2/repository/org/junit/platform/junit-platform-commons/1.3.1/junit-platform-commons-1.3.1.jar:/home/navin/.m2/repository/org/junit/platform/junit-platform-commons/1.3.2/junit-platform-commons-1.3.2.jar:/home/navin/.m2/repository/org/junit/platform/junit-platform-commons/1.8.2/junit-platform-commons-1.8.2-sources.jar:/home/navin/.m2/repository/org/junit/platform/junit-platform-commons/1.8.2/junit-platform-commons-1.8.2.jar:/home/navin/.m2/repository/org/junit/platform/junit-platform-engine/1.3.1/junit-platform-engine-1.3.1.jar:/home/navin/.m2/repository/org/junit/platform/junit-platform-engine/1.3.2/junit-platform-engine-1.3.2.jar:/home/navin/.m2/repository/org/junit/platform/junit-platform-engine/1.8.2/junit-platform-engine-1.8.2-sources.jar:/home/navin/.m2/repository/org/junit/platform/junit-platform-engine/1.8.2/junit-platform-engine-1.8.2.jar:/home/navin/.m2/repository/org/junit/platform/junit-platform-launcher/1.3.1/junit-platform-launcher-1.3.1.jar:/home/navin/.m2/repository/org/junit/platform/junit-platform-launcher/1.3.2/junit-platform-launcher-1.3.2.jar:/home/navin/.m2/repository/org/junit/platform/junit-platform-launcher/1.8.2/junit-platform-launcher-1.8.2.jar:/home/navin/.m2/repository/org/mortbay/jetty/jetty-util/6.1.25/jetty-util-6.1.25.jar:/home/navin/.m2/repository/org/mortbay/jetty/jetty/6.1.25/jetty-6.1.25.jar:/home/navin/.m2/repository/org/mortbay/jetty/servlet-api/2.5-20081211/servlet-api-2.5-20081211.jar:/home/navin/.m2/repository/org/netbeans/lib/cvsclient/20060125/cvsclient-20060125.jar:/home/navin/.m2/repository/org/nibor/autolink/autolink/0.6.0/autolink-0.6.0.jar:/home/navin/.m2/repository/org/objenesis/objenesis/2.2/objenesis-2.2.jar:/home/navin/.m2/repository/org/objenesis/objenesis/2.6/objenesis-2.6.jar:/home/navin/.m2/repository/org/openclover/clover-maven-plugin/4.4.1/clover-maven-plugin-4.4.1.jar:/home/navin/.m2/repository/org/openclover/clover/4.4.1/clover-4.4.1.jar:/home/navin/.m2/repository/org/opentest4j/opentest4j/1.1.1/opentest4j-1.1.1.jar:/home/navin/.m2/repository/org/opentest4j/opentest4j/1.2.0/opentest4j-1.2.0-sources.jar:/home/navin/.m2/repository/org/opentest4j/opentest4j/1.2.0/opentest4j-1.2.0.jar:/home/navin/.m2/repository/org/osgi/org.osgi.compendium/4.2.0/org.osgi.compendium-4.2.0.jar:/home/navin/.m2/repository/org/osgi/org.osgi.core/4.1.0/org.osgi.core-4.1.0.jar:/home/navin/.m2/repository/org/osgi/org.osgi.core/4.3.1/org.osgi.core-4.3.1.jar:/home/navin/.m2/repository/org/ow2/asm/asm-analysis/4.0/asm-analysis-4.0.jar:/home/navin/.m2/repository/org/ow2/asm/asm-analysis/7.0/asm-analysis-7.0.jar:/home/navin/.m2/repository/org/ow2/asm/asm-analysis/8.0.1/asm-analysis-8.0.1.jar:/home/navin/.m2/repository/org/ow2/asm/asm-analysis/9.1/asm-analysis-9.1-sources.jar:/home/navin/.m2/repository/org/ow2/asm/asm-analysis/9.1/asm-analysis-9.1.jar:/home/navin/.m2/repository/org/ow2/asm/asm-analysis/9.2/asm-analysis-9.2.jar:/home/navin/.m2/repository/org/ow2/asm/asm-commons/4.0/asm-commons-4.0.jar:/home/navin/.m2/repository/org/ow2/asm/asm-commons/7.0/asm-commons-7.0.jar:/home/navin/.m2/repository/org/ow2/asm/asm-commons/8.0.1/asm-commons-8.0.1.jar:/home/navin/.m2/repository/org/ow2/asm/asm-commons/9.1/asm-commons-9.1-sources.jar:/home/navin/.m2/repository/org/ow2/asm/asm-commons/9.1/asm-commons-9.1.jar:/home/navin/.m2/repository/org/ow2/asm/asm-commons/9.2/asm-commons-9.2.jar:/home/navin/.m2/repository/org/ow2/asm/asm-tree/4.0/asm-tree-4.0.jar:/home/navin/.m2/repository/org/ow2/asm/asm-tree/7.0/asm-tree-7.0.jar:/home/navin/.m2/repository/org/ow2/asm/asm-tree/8.0.1/asm-tree-8.0.1.jar:/home/navin/.m2/repository/org/ow2/asm/asm-tree/9.1/asm-tree-9.1-sources.jar:/home/navin/.m2/repository/org/ow2/asm/asm-tree/9.1/asm-tree-9.1.jar:/home/navin/.m2/repository/org/ow2/asm/asm-tree/9.2/asm-tree-9.2.jar:/home/navin/.m2/repository/org/ow2/asm/asm-util/4.0/asm-util-4.0.jar:/home/navin/.m2/repository/org/ow2/asm/asm-util/7.0-beta/asm-util-7.0-beta.jar:/home/navin/.m2/repository/org/ow2/asm/asm-util/9.1/asm-util-9.1-sources.jar:/home/navin/.m2/repository/org/ow2/asm/asm-util/9.1/asm-util-9.1.jar:/home/navin/.m2/repository/org/ow2/asm/asm-util/9.2/asm-util-9.2.jar:/home/navin/.m2/repository/org/ow2/asm/asm/4.0/asm-4.0.jar:/home/navin/.m2/repository/org/ow2/asm/asm/6.0_BETA/asm-6.0_BETA.jar:/home/navin/.m2/repository/org/ow2/asm/asm/6.1.1/asm-6.1.1.jar:/home/navin/.m2/repository/org/ow2/asm/asm/6.2/asm-6.2.jar:/home/navin/.m2/repository/org/ow2/asm/asm/7.1/asm-7.1.jar:/home/navin/.m2/repository/org/ow2/asm/asm/7.2/asm-7.2.jar:/home/navin/.m2/repository/org/ow2/asm/asm/8.0.1/asm-8.0.1.jar:/home/navin/.m2/repository/org/ow2/asm/asm/9.1/asm-9.1-sources.jar:/home/navin/.m2/repository/org/ow2/asm/asm/9.1/asm-9.1.jar:/home/navin/.m2/repository/org/ow2/asm/asm/9.2/asm-9.2.jar:/home/navin/.m2/repository/org/scala-lang/modules/scala-java8-compat_2.12/0.9.1/scala-java8-compat_2.12-0.9.1.jar:/home/navin/.m2/repository/org/scala-lang/modules/scala-parser-combinators_2.12/1.1.2/scala-parser-combinators_2.12-1.1.2.jar:/home/navin/.m2/repository/org/scala-lang/modules/scala-xml_2.12/1.0.6/scala-xml_2.12-1.0.6.jar:/home/navin/.m2/repository/org/scala-lang/scala-compiler/2.12.10/scala-compiler-2.12.10.jar:/home/navin/.m2/repository/org/scala-lang/scala-compiler/2.13.1/scala-compiler-2.13.1.jar:/home/navin/.m2/repository/org/scala-lang/scala-compiler/2.13.4/scala-compiler-2.13.4.jar:/home/navin/.m2/repository/org/scala-lang/scala-library/2.12.10/scala-library-2.12.10.jar:/home/navin/.m2/repository/org/scala-lang/scala-library/2.13.1/scala-library-2.13.1.jar:/home/navin/.m2/repository/org/scala-lang/scala-library/2.13.4/scala-library-2.13.4-sources.jar:/home/navin/.m2/repository/org/scala-lang/scala-library/2.13.4/scala-library-2.13.4.jar:/home/navin/.m2/repository/org/scala-lang/scala-reflect/2.12.8/scala-reflect-2.12.8.jar:/home/navin/.m2/repository/org/scala-lang/scala-reflect/2.13.1/scala-reflect-2.13.1.jar:/home/navin/.m2/repository/org/scala-lang/scala-reflect/2.13.4/scala-reflect-2.13.4.jar:/home/navin/.m2/repository/org/scala-sbt/compiler-bridge_2.12/1.3.5/compiler-bridge_2.12-1.3.5.jar:/home/navin/.m2/repository/org/scala-sbt/compiler-bridge_2.13/1.3.5/compiler-bridge_2.13-1.3.5-sources.jar:/home/navin/.m2/repository/org/scala-sbt/compiler-interface/1.3.5/compiler-interface-1.3.5.jar:/home/navin/.m2/repository/org/scala-sbt/io_2.12/1.3.0/io_2.12-1.3.0.jar:/home/navin/.m2/repository/org/scala-sbt/launcher-interface/1.0.0/launcher-interface-1.0.0.jar:/home/navin/.m2/repository/org/scala-sbt/sbinary_2.12/0.5.0/sbinary_2.12-0.5.0.jar:/home/navin/.m2/repository/org/scala-sbt/util-control_2.12/1.3.0/util-control_2.12-1.3.0.jar:/home/navin/.m2/repository/org/scala-sbt/util-interface/1.3.0/util-interface-1.3.0.jar:/home/navin/.m2/repository/org/scala-sbt/util-logging_2.12/1.3.0/util-logging_2.12-1.3.0.jar:/home/navin/.m2/repository/org/scala-sbt/util-relation_2.12/1.3.0/util-relation_2.12-1.3.0.jar:/home/navin/.m2/repository/org/scala-sbt/zinc-apiinfo_2.12/1.3.5/zinc-apiinfo_2.12-1.3.5.jar:/home/navin/.m2/repository/org/scala-sbt/zinc-classfile_2.12/1.3.5/zinc-classfile_2.12-1.3.5.jar:/home/navin/.m2/repository/org/scala-sbt/zinc-classpath_2.12/1.3.5/zinc-classpath_2.12-1.3.5.jar:/home/navin/.m2/repository/org/scala-sbt/zinc-compile-core_2.12/1.3.5/zinc-compile-core_2.12-1.3.5.jar:/home/navin/.m2/repository/org/scala-sbt/zinc-core_2.12/1.3.5/zinc-core_2.12-1.3.5.jar:/home/navin/.m2/repository/org/scala-sbt/zinc-persist_2.12/1.3.5/zinc-persist_2.12-1.3.5.jar:/home/navin/.m2/repository/org/scala-sbt/zinc_2.12/1.3.5/zinc_2.12-1.3.5.jar:/home/navin/.m2/repository/org/slf4j/jcl-over-slf4j/1.5.6/jcl-over-slf4j-1.5.6.jar:/home/navin/.m2/repository/org/slf4j/slf4j-api/1.5.6/slf4j-api-1.5.6.jar:/home/navin/.m2/repository/org/slf4j/slf4j-api/1.7.2/slf4j-api-1.7.2.jar:/home/navin/.m2/repository/org/slf4j/slf4j-api/1.7.5/slf4j-api-1.7.5.jar:/home/navin/.m2/repository/org/slf4j/slf4j-jdk14/1.5.6/slf4j-jdk14-1.5.6.jar:/home/navin/.m2/repository/org/sonatype/aether/aether-api/1.13.1/aether-api-1.13.1.jar:/home/navin/.m2/repository/org/sonatype/aether/aether-api/1.7/aether-api-1.7-sources.jar:/home/navin/.m2/repository/org/sonatype/aether/aether-api/1.7/aether-api-1.7.jar:/home/navin/.m2/repository/org/sonatype/aether/aether-impl/1.13.1/aether-impl-1.13.1.jar:/home/navin/.m2/repository/org/sonatype/aether/aether-impl/1.7/aether-impl-1.7-sources.jar:/home/navin/.m2/repository/org/sonatype/aether/aether-impl/1.7/aether-impl-1.7.jar:/home/navin/.m2/repository/org/sonatype/aether/aether-spi/1.13.1/aether-spi-1.13.1.jar:/home/navin/.m2/repository/org/sonatype/aether/aether-spi/1.7/aether-spi-1.7-sources.jar:/home/navin/.m2/repository/org/sonatype/aether/aether-spi/1.7/aether-spi-1.7.jar:/home/navin/.m2/repository/org/sonatype/aether/aether-util/1.13.1/aether-util-1.13.1.jar:/home/navin/.m2/repository/org/sonatype/aether/aether-util/1.7/aether-util-1.7-sources.jar:/home/navin/.m2/repository/org/sonatype/aether/aether-util/1.7/aether-util-1.7.jar:/home/navin/.m2/repository/org/sonatype/plexus/plexus-build-api/0.0.4/plexus-build-api-0.0.4.jar:/home/navin/.m2/repository/org/sonatype/plexus/plexus-build-api/0.0.7/plexus-build-api-0.0.7.jar:/home/navin/.m2/repository/org/sonatype/plexus/plexus-cipher/1.4/plexus-cipher-1.4-sources.jar:/home/navin/.m2/repository/org/sonatype/plexus/plexus-cipher/1.4/plexus-cipher-1.4.jar:/home/navin/.m2/repository/org/sonatype/plexus/plexus-sec-dispatcher/1.3/plexus-sec-dispatcher-1.3-sources.jar:/home/navin/.m2/repository/org/sonatype/plexus/plexus-sec-dispatcher/1.3/plexus-sec-dispatcher-1.3.jar:/home/navin/.m2/repository/org/sonatype/sisu/sisu-guava/0.9.9/sisu-guava-0.9.9.jar:/home/navin/.m2/repository/org/sonatype/sisu/sisu-guice/2.1.7/sisu-guice-2.1.7-noaop.jar:/home/navin/.m2/repository/org/sonatype/sisu/sisu-guice/2.1.7/sisu-guice-2.1.7-sources.jar:/home/navin/.m2/repository/org/sonatype/sisu/sisu-guice/3.1.0/sisu-guice-3.1.0-no_aop.jar:/home/navin/.m2/repository/org/sonatype/sisu/sisu-inject-bean/1.4.2/sisu-inject-bean-1.4.2-sources.jar:/home/navin/.m2/repository/org/sonatype/sisu/sisu-inject-bean/1.4.2/sisu-inject-bean-1.4.2.jar:/home/navin/.m2/repository/org/sonatype/sisu/sisu-inject-bean/2.3.0/sisu-inject-bean-2.3.0.jar:/home/navin/.m2/repository/org/sonatype/sisu/sisu-inject-plexus/1.4.2/sisu-inject-plexus-1.4.2-sources.jar:/home/navin/.m2/repository/org/sonatype/sisu/sisu-inject-plexus/1.4.2/sisu-inject-plexus-1.4.2.jar:/home/navin/.m2/repository/org/sonatype/sisu/sisu-inject-plexus/2.3.0/sisu-inject-plexus-2.3.0.jar:/home/navin/.m2/repository/org/sonatype/spice/model-builder/1.3/model-builder-1.3.jar:/home/navin/.m2/repository/org/spire-math/jawn-parser_2.12/0.10.4/jawn-parser_2.12-0.10.4.jar:/home/navin/.m2/repository/org/tmatesoft/sqljet/sqljet/1.0.4/sqljet-1.0.4.jar:/home/navin/.m2/repository/org/tmatesoft/svnkit/svnkit/1.3.5/svnkit-1.3.5.jar:/home/navin/.m2/repository/org/tmatesoft/svnkit/trilead-ssh2/build213-svnkit-1.3-patch/trilead-ssh2-build213-svnkit-1.3-patch.jar:/home/navin/.m2/repository/org/tukaani/xz/1.5/xz-1.5.jar:/home/navin/.m2/repository/org/tukaani/xz/1.8/xz-1.8.jar:/home/navin/.m2/repository/org/vafer/jdependency/2.1.1/jdependency-2.1.1.jar:/home/navin/.m2/repository/oro/oro/2.0.8/oro-2.0.8.jar:/home/navin/.m2/repository/regexp/regexp/1.3/regexp-1.3.jar:/home/navin/.m2/repository/sslext/sslext/1.2-0/sslext-1.2-0.jar:/home/navin/.m2/repository/stax/stax-api/1.0.1/stax-api-1.0.1.jar:/home/navin/.m2/repository/xalan/xalan/2.7.0/xalan-2.7.0.jar:/home/navin/.m2/repository/xerces/xercesImpl/2.8.1/xercesImpl-2.8.1.jar:/home/navin/.m2/repository/xerces/xercesImpl/2.9.1/xercesImpl-2.9.1.jar:/home/navin/.m2/repository/xml-apis/xml-apis/1.0.b2/xml-apis-1.0.b2.jar:/home/navin/.m2/repository/xml-apis/xml-apis/1.3.04/xml-apis-1.3.04.jar:/home/navin/.m2/repository/xml-resolver/xml-resolver/1.2/xml-resolver-1.2.jar:/home/navin/.m2/repository/xmlpull/xmlpull/1.1.3.1/xmlpull-1.1.3.1.jar:/home/navin/.m2/repository/xmlunit/xmlunit/1.5/xmlunit-1.5.jar:/home/navin/.m2/repository/xpp3/xpp3_min/1.1.4c/xpp3_min-1.1.4c.jar

with.clover:
[clover-setup] OpenClover Version 4.4.1, built on October 11 2019 (build-1020)
[clover-setup] Clover is enabled with initstring '/home/navin/eclipse-workspace/geektrust/geektrust_water_management/clover-ant-4.4.1/tutorial/build/clover/db/clover.db'

compile:
    [mkdir] Created dir: /home/navin/eclipse-workspace/geektrust/geektrust_water_management/clover-ant-4.4.1/tutorial/build/main
    [javac] Compiling 15 source files to /home/navin/eclipse-workspace/geektrust/geektrust_water_management/clover-ant-4.4.1/tutorial/build/main
   [clover] OpenClover Version 4.4.1, built on October 11 2019 (build-1020)
   [clover] Updating existing database at '/home/navin/eclipse-workspace/geektrust/geektrust_water_management/clover-ant-4.4.1/tutorial/build/clover/db/clover.db'.
   [clover] Processing files at 1.9 source level.
   [clover] Clover all over. Instrumented 15 files (1 package).
    [javac] Creating empty /home/navin/eclipse-workspace/geektrust/geektrust_water_management/clover-ant-4.4.1/tutorial/build/main/watermgmt/package-info.class
    [mkdir] Created dir: /home/navin/eclipse-workspace/geektrust/geektrust_water_management/clover-ant-4.4.1/tutorial/build/test
    [javac] Compiling 13 source files to /home/navin/eclipse-workspace/geektrust/geektrust_water_management/clover-ant-4.4.1/tutorial/build/test
   [clover] OpenClover Version 4.4.1, built on October 11 2019 (build-1020)
   [clover] Updating existing database at '/home/navin/eclipse-workspace/geektrust/geektrust_water_management/clover-ant-4.4.1/tutorial/build/clover/db/clover.db'.
   [clover] Processing files at 1.9 source level.
   [clover] Clover all over. Instrumented 13 files (1 package).
   [clover] 51 test methods detected.
    [javac] warning: Supported source version 'RELEASE_6' from annotation processor 'org.sonatype.guice.bean.scanners.index.SisuIndexAPT6' less than -source '17'
    [javac] 1 warning
    [javac] Creating empty /home/navin/eclipse-workspace/geektrust/geektrust_water_management/clover-ant-4.4.1/tutorial/build/test/watermgmt/package-info.class

test:
    [mkdir] Created dir: /home/navin/eclipse-workspace/geektrust/geektrust_water_management/clover-ant-4.4.1/tutorial/build/test-report
[junitlauncher] Running test.java.watermgmt.AddGuestsCommandTest
[junitlauncher] Tests run: 2, Failures: 0, Aborted: 0, Skipped: 0, Time elapsed: 0.845 sec
[junitlauncher] Running test.java.watermgmt.AllotWaterCommandTest
[junitlauncher] Tests run: 4, Failures: 0, Aborted: 0, Skipped: 0, Time elapsed: 0.069 sec
[junitlauncher] Running test.java.watermgmt.Apartment2BHKTest
[junitlauncher] Tests run: 6, Failures: 0, Aborted: 0, Skipped: 0, Time elapsed: 0.16 sec
[junitlauncher] Running test.java.watermgmt.Apartment3BHKTest
[junitlauncher] Tests run: 6, Failures: 0, Aborted: 0, Skipped: 0, Time elapsed: 0.087 sec
[junitlauncher] Running test.java.watermgmt.ApartmentBaseTest
[junitlauncher] Tests run: 16, Failures: 0, Aborted: 0, Skipped: 0, Time elapsed: 0.177 sec
[junitlauncher] Running test.java.watermgmt.BillCommandTest
[junitlauncher] Tests run: 4, Failures: 0, Aborted: 0, Skipped: 0, Time elapsed: 0.051 sec
[junitlauncher] Running test.java.watermgmt.BorewellRateTest
[junitlauncher] Tests run: 2, Failures: 0, Aborted: 0, Skipped: 0, Time elapsed: 0.024 sec
[junitlauncher] Running test.java.watermgmt.CommandParserTest
[junitlauncher] Tests run: 2, Failures: 0, Aborted: 0, Skipped: 0, Time elapsed: 0.116 sec
[junitlauncher] Running test.java.watermgmt.CorporationRateTest
[junitlauncher] Tests run: 2, Failures: 0, Aborted: 0, Skipped: 0, Time elapsed: 0.032 sec
[junitlauncher] Running test.java.watermgmt.SlabIntervalTest
[junitlauncher] Tests run: 4, Failures: 0, Aborted: 0, Skipped: 0, Time elapsed: 0.037 sec
[junitlauncher] Running test.java.watermgmt.TankerRateTest
[junitlauncher] Tests run: 2, Failures: 0, Aborted: 0, Skipped: 0, Time elapsed: 0.024 sec
[junitlauncher] Running test.java.watermgmt.WaterManagementTest
[junitlauncher] Tests run: 1, Failures: 0, Aborted: 0, Skipped: 0, Time elapsed: 0.025 sec

clover.report:
[clover-html-report] OpenClover Version 4.4.1, built on October 11 2019 (build-1020)
[clover-html-report] Loading coverage database from: '/home/navin/eclipse-workspace/geektrust/geektrust_water_management/clover-ant-4.4.1/tutorial/build/clover/db/clover.db'
[clover-html-report] Writing HTML report to '/home/navin/eclipse-workspace/geektrust/geektrust_water_management/clover-ant-4.4.1/tutorial/build/clover_html'
[clover-html-report] Done. Processed 2 packages in 89911ms (44955ms per package).

BUILD SUCCESSFUL
Total time: 2 minutes 16 seconds
